CRITICAL - 2022-06-29 04:48:27 --> Undefined variable $data
#0 C:\xampp\htdocs\tugas_akhir\ci4\app\Views\daftar\create.php(21): CodeIgniter\Debug\Exceptions->errorHandler(2, 'Undefined varia...', 'C:\\xampp\\htdocs...', 21)
#1 C:\xampp\htdocs\tugas_akhir\ci4\system\View\View.php(210): include('C:\\xampp\\htdocs...')
#2 C:\xampp\htdocs\tugas_akhir\ci4\system\View\View.php(213): CodeIgniter\View\View->CodeIgniter\View\{closure}()
#3 C:\xampp\htdocs\tugas_akhir\ci4\system\Common.php(1089): CodeIgniter\View\View->render('daftar/create', Array, true)
#4 C:\xampp\htdocs\tugas_akhir\ci4\app\Controllers\Daftar.php(50): view('daftar/create', Array)
#5 C:\xampp\htdocs\tugas_akhir\ci4\system\CodeIgniter.php(832): App\Controllers\Daftar->create()
#6 C:\xampp\htdocs\tugas_akhir\ci4\system\CodeIgniter.php(419): CodeIgniter\CodeIgniter->runController(Object(App\Controllers\Daftar))
#7 C:\xampp\htdocs\tugas_akhir\ci4\system\CodeIgniter.php(326): CodeIgniter\CodeIgniter->handleRequest(NULL, Object(Config\Cache), false)
#8 C:\xampp\htdocs\tugas_akhir\ci4\public\index.php(37): CodeIgniter\CodeIgniter->run()
#9 C:\xampp\htdocs\tugas_akhir\ci4\system\Commands\Server\rewrite.php(43): require_once('C:\\xampp\\htdocs...')
#10 {main}
CRITICAL - 2022-06-29 04:55:07 --> Undefined variable $data
#0 C:\xampp\htdocs\tugas_akhir\ci4\app\Views\daftar\create.php(17): CodeIgniter\Debug\Exceptions->errorHandler(2, 'Undefined varia...', 'C:\\xampp\\htdocs...', 17)
#1 C:\xampp\htdocs\tugas_akhir\ci4\system\View\View.php(210): include('C:\\xampp\\htdocs...')
#2 C:\xampp\htdocs\tugas_akhir\ci4\system\View\View.php(213): CodeIgniter\View\View->CodeIgniter\View\{closure}()
#3 C:\xampp\htdocs\tugas_akhir\ci4\system\Common.php(1089): CodeIgniter\View\View->render('daftar/create', Array, true)
#4 C:\xampp\htdocs\tugas_akhir\ci4\app\Controllers\Daftar.php(50): view('daftar/create', Array)
#5 C:\xampp\htdocs\tugas_akhir\ci4\system\CodeIgniter.php(832): App\Controllers\Daftar->create()
#6 C:\xampp\htdocs\tugas_akhir\ci4\system\CodeIgniter.php(419): CodeIgniter\CodeIgniter->runController(Object(App\Controllers\Daftar))
#7 C:\xampp\htdocs\tugas_akhir\ci4\system\CodeIgniter.php(326): CodeIgniter\CodeIgniter->handleRequest(NULL, Object(Config\Cache), false)
#8 C:\xampp\htdocs\tugas_akhir\ci4\public\index.php(37): CodeIgniter\CodeIgniter->run()
#9 C:\xampp\htdocs\tugas_akhir\ci4\system\Commands\Server\rewrite.php(43): require_once('C:\\xampp\\htdocs...')
#10 {main}
CRITICAL - 2022-06-29 04:56:37 --> Undefined variable $create
#0 C:\xampp\htdocs\tugas_akhir\ci4\app\Views\daftar\create.php(17): CodeIgniter\Debug\Exceptions->errorHandler(2, 'Undefined varia...', 'C:\\xampp\\htdocs...', 17)
#1 C:\xampp\htdocs\tugas_akhir\ci4\system\View\View.php(210): include('C:\\xampp\\htdocs...')
#2 C:\xampp\htdocs\tugas_akhir\ci4\system\View\View.php(213): CodeIgniter\View\View->CodeIgniter\View\{closure}()
#3 C:\xampp\htdocs\tugas_akhir\ci4\system\Common.php(1089): CodeIgniter\View\View->render('daftar/create', Array, true)
#4 C:\xampp\htdocs\tugas_akhir\ci4\app\Controllers\Daftar.php(50): view('daftar/create', Array)
#5 C:\xampp\htdocs\tugas_akhir\ci4\system\CodeIgniter.php(832): App\Controllers\Daftar->create()
#6 C:\xampp\htdocs\tugas_akhir\ci4\system\CodeIgniter.php(419): CodeIgniter\CodeIgniter->runController(Object(App\Controllers\Daftar))
#7 C:\xampp\htdocs\tugas_akhir\ci4\system\CodeIgniter.php(326): CodeIgniter\CodeIgniter->handleRequest(NULL, Object(Config\Cache), false)
#8 C:\xampp\htdocs\tugas_akhir\ci4\public\index.php(37): CodeIgniter\CodeIgniter->run()
#9 C:\xampp\htdocs\tugas_akhir\ci4\system\Commands\Server\rewrite.php(43): require_once('C:\\xampp\\htdocs...')
#10 {main}
CRITICAL - 2022-06-29 05:07:26 --> Too few arguments to function App\Controllers\Home::panggil(), 0 passed in C:\xampp\htdocs\tugas_akhir\ci4\system\CodeIgniter.php on line 832 and exactly 1 expected
#0 C:\xampp\htdocs\tugas_akhir\ci4\system\CodeIgniter.php(832): App\Controllers\Home->panggil()
#1 C:\xampp\htdocs\tugas_akhir\ci4\system\CodeIgniter.php(419): CodeIgniter\CodeIgniter->runController(Object(App\Controllers\Home))
#2 C:\xampp\htdocs\tugas_akhir\ci4\system\CodeIgniter.php(326): CodeIgniter\CodeIgniter->handleRequest(NULL, Object(Config\Cache), false)
#3 C:\xampp\htdocs\tugas_akhir\ci4\public\index.php(37): CodeIgniter\CodeIgniter->run()
#4 C:\xampp\htdocs\tugas_akhir\ci4\system\Commands\Server\rewrite.php(43): require_once('C:\\xampp\\htdocs...')
#5 {main}
CRITICAL - 2022-06-29 05:08:56 --> Too few arguments to function App\Controllers\Home::panggil(), 0 passed in C:\xampp\htdocs\tugas_akhir\ci4\system\CodeIgniter.php on line 832 and exactly 1 expected
#0 C:\xampp\htdocs\tugas_akhir\ci4\system\CodeIgniter.php(832): App\Controllers\Home->panggil()
#1 C:\xampp\htdocs\tugas_akhir\ci4\system\CodeIgniter.php(419): CodeIgniter\CodeIgniter->runController(Object(App\Controllers\Home))
#2 C:\xampp\htdocs\tugas_akhir\ci4\system\CodeIgniter.php(326): CodeIgniter\CodeIgniter->handleRequest(NULL, Object(Config\Cache), false)
#3 C:\xampp\htdocs\tugas_akhir\ci4\public\index.php(37): CodeIgniter\CodeIgniter->run()
#4 C:\xampp\htdocs\tugas_akhir\ci4\system\Commands\Server\rewrite.php(43): require_once('C:\\xampp\\htdocs...')
#5 {main}
CRITICAL - 2022-06-29 05:09:39 --> Too few arguments to function App\Controllers\Home::panggil(), 0 passed in C:\xampp\htdocs\tugas_akhir\ci4\system\CodeIgniter.php on line 832 and exactly 1 expected
#0 C:\xampp\htdocs\tugas_akhir\ci4\system\CodeIgniter.php(832): App\Controllers\Home->panggil()
#1 C:\xampp\htdocs\tugas_akhir\ci4\system\CodeIgniter.php(419): CodeIgniter\CodeIgniter->runController(Object(App\Controllers\Home))
#2 C:\xampp\htdocs\tugas_akhir\ci4\system\CodeIgniter.php(326): CodeIgniter\CodeIgniter->handleRequest(NULL, Object(Config\Cache), false)
#3 C:\xampp\htdocs\tugas_akhir\ci4\public\index.php(37): CodeIgniter\CodeIgniter->run()
#4 C:\xampp\htdocs\tugas_akhir\ci4\system\Commands\Server\rewrite.php(43): require_once('C:\\xampp\\htdocs...')
#5 {main}
CRITICAL - 2022-06-29 05:09:52 --> Too few arguments to function App\Controllers\Home::panggil(), 0 passed in C:\xampp\htdocs\tugas_akhir\ci4\system\CodeIgniter.php on line 832 and exactly 1 expected
#0 C:\xampp\htdocs\tugas_akhir\ci4\system\CodeIgniter.php(832): App\Controllers\Home->panggil()
#1 C:\xampp\htdocs\tugas_akhir\ci4\system\CodeIgniter.php(419): CodeIgniter\CodeIgniter->runController(Object(App\Controllers\Home))
#2 C:\xampp\htdocs\tugas_akhir\ci4\system\CodeIgniter.php(326): CodeIgniter\CodeIgniter->handleRequest(NULL, Object(Config\Cache), false)
#3 C:\xampp\htdocs\tugas_akhir\ci4\public\index.php(37): CodeIgniter\CodeIgniter->run()
#4 C:\xampp\htdocs\tugas_akhir\ci4\system\Commands\Server\rewrite.php(43): require_once('C:\\xampp\\htdocs...')
#5 {main}
CRITICAL - 2022-06-29 05:15:09 --> Trying to access array offset on value of type null
#0 C:\xampp\htdocs\tugas_akhir\ci4\app\Views\daftar\create.php(21): CodeIgniter\Debug\Exceptions->errorHandler(2, 'Trying to acces...', 'C:\\xampp\\htdocs...', 21)
#1 C:\xampp\htdocs\tugas_akhir\ci4\system\View\View.php(210): include('C:\\xampp\\htdocs...')
#2 C:\xampp\htdocs\tugas_akhir\ci4\system\View\View.php(213): CodeIgniter\View\View->CodeIgniter\View\{closure}()
#3 C:\xampp\htdocs\tugas_akhir\ci4\system\Common.php(1089): CodeIgniter\View\View->render('daftar/create', Array, true)
#4 C:\xampp\htdocs\tugas_akhir\ci4\app\Controllers\Home.php(224): view('daftar/create', Array)
#5 C:\xampp\htdocs\tugas_akhir\ci4\system\CodeIgniter.php(832): App\Controllers\Home->panggil('img', 'undraw_profile....')
#6 C:\xampp\htdocs\tugas_akhir\ci4\system\CodeIgniter.php(419): CodeIgniter\CodeIgniter->runController(Object(App\Controllers\Home))
#7 C:\xampp\htdocs\tugas_akhir\ci4\system\CodeIgniter.php(326): CodeIgniter\CodeIgniter->handleRequest(NULL, Object(Config\Cache), false)
#8 C:\xampp\htdocs\tugas_akhir\ci4\public\index.php(37): CodeIgniter\CodeIgniter->run()
#9 C:\xampp\htdocs\tugas_akhir\ci4\system\Commands\Server\rewrite.php(43): require_once('C:\\xampp\\htdocs...')
#10 {main}
CRITICAL - 2022-06-29 05:15:45 --> Trying to access array offset on value of type null
#0 C:\xampp\htdocs\tugas_akhir\ci4\app\Views\daftar\create.php(21): CodeIgniter\Debug\Exceptions->errorHandler(2, 'Trying to acces...', 'C:\\xampp\\htdocs...', 21)
#1 C:\xampp\htdocs\tugas_akhir\ci4\system\View\View.php(210): include('C:\\xampp\\htdocs...')
#2 C:\xampp\htdocs\tugas_akhir\ci4\system\View\View.php(213): CodeIgniter\View\View->CodeIgniter\View\{closure}()
#3 C:\xampp\htdocs\tugas_akhir\ci4\system\Common.php(1089): CodeIgniter\View\View->render('daftar/create', Array, true)
#4 C:\xampp\htdocs\tugas_akhir\ci4\app\Controllers\Home.php(224): view('daftar/create', Array)
#5 C:\xampp\htdocs\tugas_akhir\ci4\system\CodeIgniter.php(832): App\Controllers\Home->panggil('img', 'undraw_profile....')
#6 C:\xampp\htdocs\tugas_akhir\ci4\system\CodeIgniter.php(419): CodeIgniter\CodeIgniter->runController(Object(App\Controllers\Home))
#7 C:\xampp\htdocs\tugas_akhir\ci4\system\CodeIgniter.php(326): CodeIgniter\CodeIgniter->handleRequest(NULL, Object(Config\Cache), false)
#8 C:\xampp\htdocs\tugas_akhir\ci4\public\index.php(37): CodeIgniter\CodeIgniter->run()
#9 C:\xampp\htdocs\tugas_akhir\ci4\system\Commands\Server\rewrite.php(43): require_once('C:\\xampp\\htdocs...')
#10 {main}
CRITICAL - 2022-06-29 05:17:30 --> Trying to access array offset on value of type null
#0 C:\xampp\htdocs\tugas_akhir\ci4\app\Views\daftar\create.php(21): CodeIgniter\Debug\Exceptions->errorHandler(2, 'Trying to acces...', 'C:\\xampp\\htdocs...', 21)
#1 C:\xampp\htdocs\tugas_akhir\ci4\system\View\View.php(210): include('C:\\xampp\\htdocs...')
#2 C:\xampp\htdocs\tugas_akhir\ci4\system\View\View.php(213): CodeIgniter\View\View->CodeIgniter\View\{closure}()
#3 C:\xampp\htdocs\tugas_akhir\ci4\system\Common.php(1089): CodeIgniter\View\View->render('daftar/create', Array, true)
#4 C:\xampp\htdocs\tugas_akhir\ci4\app\Controllers\Home.php(224): view('daftar/create', Array)
#5 C:\xampp\htdocs\tugas_akhir\ci4\system\CodeIgniter.php(832): App\Controllers\Home->panggil('img', 'undraw_profile....')
#6 C:\xampp\htdocs\tugas_akhir\ci4\system\CodeIgniter.php(419): CodeIgniter\CodeIgniter->runController(Object(App\Controllers\Home))
#7 C:\xampp\htdocs\tugas_akhir\ci4\system\CodeIgniter.php(326): CodeIgniter\CodeIgniter->handleRequest(NULL, Object(Config\Cache), false)
#8 C:\xampp\htdocs\tugas_akhir\ci4\public\index.php(37): CodeIgniter\CodeIgniter->run()
#9 C:\xampp\htdocs\tugas_akhir\ci4\system\Commands\Server\rewrite.php(43): require_once('C:\\xampp\\htdocs...')
#10 {main}
CRITICAL - 2022-06-29 05:18:12 --> Trying to access array offset on value of type null
#0 C:\xampp\htdocs\tugas_akhir\ci4\app\Views\daftar\create.php(21): CodeIgniter\Debug\Exceptions->errorHandler(2, 'Trying to acces...', 'C:\\xampp\\htdocs...', 21)
#1 C:\xampp\htdocs\tugas_akhir\ci4\system\View\View.php(210): include('C:\\xampp\\htdocs...')
#2 C:\xampp\htdocs\tugas_akhir\ci4\system\View\View.php(213): CodeIgniter\View\View->CodeIgniter\View\{closure}()
#3 C:\xampp\htdocs\tugas_akhir\ci4\system\Common.php(1089): CodeIgniter\View\View->render('daftar/create', Array, true)
#4 C:\xampp\htdocs\tugas_akhir\ci4\app\Controllers\Home.php(224): view('daftar/create', Array)
#5 C:\xampp\htdocs\tugas_akhir\ci4\system\CodeIgniter.php(832): App\Controllers\Home->panggil('img', 'undraw_profile....')
#6 C:\xampp\htdocs\tugas_akhir\ci4\system\CodeIgniter.php(419): CodeIgniter\CodeIgniter->runController(Object(App\Controllers\Home))
#7 C:\xampp\htdocs\tugas_akhir\ci4\system\CodeIgniter.php(326): CodeIgniter\CodeIgniter->handleRequest(NULL, Object(Config\Cache), false)
#8 C:\xampp\htdocs\tugas_akhir\ci4\public\index.php(37): CodeIgniter\CodeIgniter->run()
#9 C:\xampp\htdocs\tugas_akhir\ci4\system\Commands\Server\rewrite.php(43): require_once('C:\\xampp\\htdocs...')
#10 {main}
CRITICAL - 2022-06-29 05:18:25 --> Trying to access array offset on value of type null
#0 C:\xampp\htdocs\tugas_akhir\ci4\app\Views\daftar\create.php(21): CodeIgniter\Debug\Exceptions->errorHandler(2, 'Trying to acces...', 'C:\\xampp\\htdocs...', 21)
#1 C:\xampp\htdocs\tugas_akhir\ci4\system\View\View.php(210): include('C:\\xampp\\htdocs...')
#2 C:\xampp\htdocs\tugas_akhir\ci4\system\View\View.php(213): CodeIgniter\View\View->CodeIgniter\View\{closure}()
#3 C:\xampp\htdocs\tugas_akhir\ci4\system\Common.php(1089): CodeIgniter\View\View->render('daftar/create', Array, true)
#4 C:\xampp\htdocs\tugas_akhir\ci4\app\Controllers\Home.php(224): view('daftar/create', Array)
#5 C:\xampp\htdocs\tugas_akhir\ci4\system\CodeIgniter.php(832): App\Controllers\Home->panggil('img', 'undraw_profile....')
#6 C:\xampp\htdocs\tugas_akhir\ci4\system\CodeIgniter.php(419): CodeIgniter\CodeIgniter->runController(Object(App\Controllers\Home))
#7 C:\xampp\htdocs\tugas_akhir\ci4\system\CodeIgniter.php(326): CodeIgniter\CodeIgniter->handleRequest(NULL, Object(Config\Cache), false)
#8 C:\xampp\htdocs\tugas_akhir\ci4\public\index.php(37): CodeIgniter\CodeIgniter->run()
#9 C:\xampp\htdocs\tugas_akhir\ci4\system\Commands\Server\rewrite.php(43): require_once('C:\\xampp\\htdocs...')
#10 {main}
CRITICAL - 2022-06-29 05:18:50 --> Trying to access array offset on value of type null
#0 C:\xampp\htdocs\tugas_akhir\ci4\app\Views\daftar\create.php(21): CodeIgniter\Debug\Exceptions->errorHandler(2, 'Trying to acces...', 'C:\\xampp\\htdocs...', 21)
#1 C:\xampp\htdocs\tugas_akhir\ci4\system\View\View.php(210): include('C:\\xampp\\htdocs...')
#2 C:\xampp\htdocs\tugas_akhir\ci4\system\View\View.php(213): CodeIgniter\View\View->CodeIgniter\View\{closure}()
#3 C:\xampp\htdocs\tugas_akhir\ci4\system\Common.php(1089): CodeIgniter\View\View->render('daftar/create', Array, true)
#4 C:\xampp\htdocs\tugas_akhir\ci4\app\Controllers\Home.php(224): view('daftar/create', Array)
#5 C:\xampp\htdocs\tugas_akhir\ci4\system\CodeIgniter.php(832): App\Controllers\Home->panggil('img', 'undraw_profile....')
#6 C:\xampp\htdocs\tugas_akhir\ci4\system\CodeIgniter.php(419): CodeIgniter\CodeIgniter->runController(Object(App\Controllers\Home))
#7 C:\xampp\htdocs\tugas_akhir\ci4\system\CodeIgniter.php(326): CodeIgniter\CodeIgniter->handleRequest(NULL, Object(Config\Cache), false)
#8 C:\xampp\htdocs\tugas_akhir\ci4\public\index.php(37): CodeIgniter\CodeIgniter->run()
#9 C:\xampp\htdocs\tugas_akhir\ci4\system\Commands\Server\rewrite.php(43): require_once('C:\\xampp\\htdocs...')
#10 {main}
CRITICAL - 2022-06-29 05:25:53 --> Trying to access array offset on value of type null
#0 C:\xampp\htdocs\tugas_akhir\ci4\app\Views\daftar\create.php(21): CodeIgniter\Debug\Exceptions->errorHandler(2, 'Trying to acces...', 'C:\\xampp\\htdocs...', 21)
#1 C:\xampp\htdocs\tugas_akhir\ci4\system\View\View.php(210): include('C:\\xampp\\htdocs...')
#2 C:\xampp\htdocs\tugas_akhir\ci4\system\View\View.php(213): CodeIgniter\View\View->CodeIgniter\View\{closure}()
#3 C:\xampp\htdocs\tugas_akhir\ci4\system\Common.php(1089): CodeIgniter\View\View->render('daftar/create', Array, true)
#4 C:\xampp\htdocs\tugas_akhir\ci4\app\Controllers\Home.php(224): view('daftar/create', Array)
#5 C:\xampp\htdocs\tugas_akhir\ci4\system\CodeIgniter.php(832): App\Controllers\Home->panggil('img', 'undraw_profile....')
#6 C:\xampp\htdocs\tugas_akhir\ci4\system\CodeIgniter.php(419): CodeIgniter\CodeIgniter->runController(Object(App\Controllers\Home))
#7 C:\xampp\htdocs\tugas_akhir\ci4\system\CodeIgniter.php(326): CodeIgniter\CodeIgniter->handleRequest(NULL, Object(Config\Cache), false)
#8 C:\xampp\htdocs\tugas_akhir\ci4\public\index.php(37): CodeIgniter\CodeIgniter->run()
#9 C:\xampp\htdocs\tugas_akhir\ci4\system\Commands\Server\rewrite.php(43): require_once('C:\\xampp\\htdocs...')
#10 {main}
CRITICAL - 2022-06-29 06:01:56 --> Call to undefined method App\Models\DaftarModel::getAll
#0 C:\xampp\htdocs\tugas_akhir\ci4\app\Controllers\Daftar.php(127): CodeIgniter\Model->__call('getAll', Array)
#1 C:\xampp\htdocs\tugas_akhir\ci4\system\CodeIgniter.php(832): App\Controllers\Daftar->kas()
#2 C:\xampp\htdocs\tugas_akhir\ci4\system\CodeIgniter.php(419): CodeIgniter\CodeIgniter->runController(Object(App\Controllers\Daftar))
#3 C:\xampp\htdocs\tugas_akhir\ci4\system\CodeIgniter.php(326): CodeIgniter\CodeIgniter->handleRequest(NULL, Object(Config\Cache), false)
#4 C:\xampp\htdocs\tugas_akhir\ci4\public\index.php(37): CodeIgniter\CodeIgniter->run()
#5 C:\xampp\htdocs\tugas_akhir\ci4\system\Commands\Server\rewrite.php(43): require_once('C:\\xampp\\htdocs...')
#6 {main}
CRITICAL - 2022-06-29 06:02:26 --> Call to undefined method App\Models\DaftarModel::getAll
#0 C:\xampp\htdocs\tugas_akhir\ci4\app\Controllers\Daftar.php(127): CodeIgniter\Model->__call('getAll', Array)
#1 C:\xampp\htdocs\tugas_akhir\ci4\system\CodeIgniter.php(832): App\Controllers\Daftar->kas()
#2 C:\xampp\htdocs\tugas_akhir\ci4\system\CodeIgniter.php(419): CodeIgniter\CodeIgniter->runController(Object(App\Controllers\Daftar))
#3 C:\xampp\htdocs\tugas_akhir\ci4\system\CodeIgniter.php(326): CodeIgniter\CodeIgniter->handleRequest(NULL, Object(Config\Cache), false)
#4 C:\xampp\htdocs\tugas_akhir\ci4\public\index.php(37): CodeIgniter\CodeIgniter->run()
#5 C:\xampp\htdocs\tugas_akhir\ci4\system\Commands\Server\rewrite.php(43): require_once('C:\\xampp\\htdocs...')
#6 {main}
CRITICAL - 2022-06-29 06:02:52 --> Call to undefined method App\Models\DaftarModel::getAll
#0 C:\xampp\htdocs\tugas_akhir\ci4\app\Controllers\Daftar.php(125): CodeIgniter\Model->__call('getAll', Array)
#1 C:\xampp\htdocs\tugas_akhir\ci4\system\CodeIgniter.php(832): App\Controllers\Daftar->kas()
#2 C:\xampp\htdocs\tugas_akhir\ci4\system\CodeIgniter.php(419): CodeIgniter\CodeIgniter->runController(Object(App\Controllers\Daftar))
#3 C:\xampp\htdocs\tugas_akhir\ci4\system\CodeIgniter.php(326): CodeIgniter\CodeIgniter->handleRequest(NULL, Object(Config\Cache), false)
#4 C:\xampp\htdocs\tugas_akhir\ci4\public\index.php(37): CodeIgniter\CodeIgniter->run()
#5 C:\xampp\htdocs\tugas_akhir\ci4\system\Commands\Server\rewrite.php(43): require_once('C:\\xampp\\htdocs...')
#6 {main}
CRITICAL - 2022-06-29 06:35:20 --> Undefined variable $title
#0 C:\xampp\htdocs\tugas_akhir\ci4\app\Views\layout\index.php(12): CodeIgniter\Debug\Exceptions->errorHandler(2, 'Undefined varia...', 'C:\\xampp\\htdocs...', 12)
#1 C:\xampp\htdocs\tugas_akhir\ci4\system\View\View.php(210): include('C:\\xampp\\htdocs...')
#2 C:\xampp\htdocs\tugas_akhir\ci4\system\View\View.php(213): CodeIgniter\View\View->CodeIgniter\View\{closure}()
#3 C:\xampp\htdocs\tugas_akhir\ci4\system\View\View.php(226): CodeIgniter\View\View->render('layout/index', Array, true)
#4 C:\xampp\htdocs\tugas_akhir\ci4\system\Common.php(1089): CodeIgniter\View\View->render('laporan/laporan...', Array, true)
#5 C:\xampp\htdocs\tugas_akhir\ci4\app\Controllers\Laporan.php(32): view('laporan/laporan...')
#6 C:\xampp\htdocs\tugas_akhir\ci4\system\CodeIgniter.php(832): App\Controllers\Laporan->laporan_belum_bayar()
#7 C:\xampp\htdocs\tugas_akhir\ci4\system\CodeIgniter.php(419): CodeIgniter\CodeIgniter->runController(Object(App\Controllers\Laporan))
#8 C:\xampp\htdocs\tugas_akhir\ci4\system\CodeIgniter.php(326): CodeIgniter\CodeIgniter->handleRequest(NULL, Object(Config\Cache), false)
#9 C:\xampp\htdocs\tugas_akhir\ci4\public\index.php(37): CodeIgniter\CodeIgniter->run()
#10 C:\xampp\htdocs\tugas_akhir\ci4\system\Commands\Server\rewrite.php(43): require_once('C:\\xampp\\htdocs...')
#11 {main}
CRITICAL - 2022-06-29 06:37:37 --> Call to undefined method App\Models\DaftarModel::getAll
#0 C:\xampp\htdocs\tugas_akhir\ci4\app\Controllers\Laporan.php(34): CodeIgniter\Model->__call('getAll', Array)
#1 C:\xampp\htdocs\tugas_akhir\ci4\system\CodeIgniter.php(832): App\Controllers\Laporan->laporan_belum_bayar()
#2 C:\xampp\htdocs\tugas_akhir\ci4\system\CodeIgniter.php(419): CodeIgniter\CodeIgniter->runController(Object(App\Controllers\Laporan))
#3 C:\xampp\htdocs\tugas_akhir\ci4\system\CodeIgniter.php(326): CodeIgniter\CodeIgniter->handleRequest(NULL, Object(Config\Cache), false)
#4 C:\xampp\htdocs\tugas_akhir\ci4\public\index.php(37): CodeIgniter\CodeIgniter->run()
#5 C:\xampp\htdocs\tugas_akhir\ci4\system\Commands\Server\rewrite.php(43): require_once('C:\\xampp\\htdocs...')
#6 {main}
CRITICAL - 2022-06-29 06:37:50 --> Undefined variable $title
#0 C:\xampp\htdocs\tugas_akhir\ci4\app\Views\layout\index.php(12): CodeIgniter\Debug\Exceptions->errorHandler(2, 'Undefined varia...', 'C:\\xampp\\htdocs...', 12)
#1 C:\xampp\htdocs\tugas_akhir\ci4\system\View\View.php(210): include('C:\\xampp\\htdocs...')
#2 C:\xampp\htdocs\tugas_akhir\ci4\system\View\View.php(213): CodeIgniter\View\View->CodeIgniter\View\{closure}()
#3 C:\xampp\htdocs\tugas_akhir\ci4\system\View\View.php(226): CodeIgniter\View\View->render('layout/index', Array, true)
#4 C:\xampp\htdocs\tugas_akhir\ci4\system\Common.php(1089): CodeIgniter\View\View->render('laporan/laporan...', Array, true)
#5 C:\xampp\htdocs\tugas_akhir\ci4\app\Controllers\Laporan.php(37): view('laporan/laporan...')
#6 C:\xampp\htdocs\tugas_akhir\ci4\system\CodeIgniter.php(832): App\Controllers\Laporan->laporan_belum_bayar()
#7 C:\xampp\htdocs\tugas_akhir\ci4\system\CodeIgniter.php(419): CodeIgniter\CodeIgniter->runController(Object(App\Controllers\Laporan))
#8 C:\xampp\htdocs\tugas_akhir\ci4\system\CodeIgniter.php(326): CodeIgniter\CodeIgniter->handleRequest(NULL, Object(Config\Cache), false)
#9 C:\xampp\htdocs\tugas_akhir\ci4\public\index.php(37): CodeIgniter\CodeIgniter->run()
#10 C:\xampp\htdocs\tugas_akhir\ci4\system\Commands\Server\rewrite.php(43): require_once('C:\\xampp\\htdocs...')
#11 {main}
CRITICAL - 2022-06-29 12:18:52 --> Trying to access array offset on value of type null
#0 C:\xampp\htdocs\tugas_akhir\ci4\app\Views\daftar\create.php(21): CodeIgniter\Debug\Exceptions->errorHandler(2, 'Trying to acces...', 'C:\\xampp\\htdocs...', 21)
#1 C:\xampp\htdocs\tugas_akhir\ci4\system\View\View.php(210): include('C:\\xampp\\htdocs...')
#2 C:\xampp\htdocs\tugas_akhir\ci4\system\View\View.php(213): CodeIgniter\View\View->CodeIgniter\View\{closure}()
#3 C:\xampp\htdocs\tugas_akhir\ci4\system\Common.php(1089): CodeIgniter\View\View->render('daftar/create', Array, true)
#4 C:\xampp\htdocs\tugas_akhir\ci4\app\Controllers\Home.php(224): view('daftar/create', Array)
#5 C:\xampp\htdocs\tugas_akhir\ci4\system\CodeIgniter.php(832): App\Controllers\Home->panggil('img', 'undraw_profile....')
#6 C:\xampp\htdocs\tugas_akhir\ci4\system\CodeIgniter.php(419): CodeIgniter\CodeIgniter->runController(Object(App\Controllers\Home))
#7 C:\xampp\htdocs\tugas_akhir\ci4\system\CodeIgniter.php(326): CodeIgniter\CodeIgniter->handleRequest(NULL, Object(Config\Cache), false)
#8 C:\xampp\htdocs\tugas_akhir\ci4\public\index.php(37): CodeIgniter\CodeIgniter->run()
#9 C:\xampp\htdocs\tugas_akhir\ci4\system\Commands\Server\rewrite.php(43): require_once('C:\\xampp\\htdocs...')
#10 {main}
CRITICAL - 2022-06-29 12:19:42 --> Trying to access array offset on value of type null
#0 C:\xampp\htdocs\tugas_akhir\ci4\app\Views\daftar\create.php(21): CodeIgniter\Debug\Exceptions->errorHandler(2, 'Trying to acces...', 'C:\\xampp\\htdocs...', 21)
#1 C:\xampp\htdocs\tugas_akhir\ci4\system\View\View.php(210): include('C:\\xampp\\htdocs...')
#2 C:\xampp\htdocs\tugas_akhir\ci4\system\View\View.php(213): CodeIgniter\View\View->CodeIgniter\View\{closure}()
#3 C:\xampp\htdocs\tugas_akhir\ci4\system\Common.php(1089): CodeIgniter\View\View->render('daftar/create', Array, true)
#4 C:\xampp\htdocs\tugas_akhir\ci4\app\Controllers\Home.php(224): view('daftar/create', Array)
#5 C:\xampp\htdocs\tugas_akhir\ci4\system\CodeIgniter.php(832): App\Controllers\Home->panggil('img', 'undraw_profile....')
#6 C:\xampp\htdocs\tugas_akhir\ci4\system\CodeIgniter.php(419): CodeIgniter\CodeIgniter->runController(Object(App\Controllers\Home))
#7 C:\xampp\htdocs\tugas_akhir\ci4\system\CodeIgniter.php(326): CodeIgniter\CodeIgniter->handleRequest(NULL, Object(Config\Cache), false)
#8 C:\xampp\htdocs\tugas_akhir\ci4\public\index.php(37): CodeIgniter\CodeIgniter->run()
#9 C:\xampp\htdocs\tugas_akhir\ci4\system\Commands\Server\rewrite.php(43): require_once('C:\\xampp\\htdocs...')
#10 {main}
CRITICAL - 2022-06-29 12:21:37 --> Trying to access array offset on value of type null
#0 C:\xampp\htdocs\tugas_akhir\ci4\app\Views\daftar\create.php(21): CodeIgniter\Debug\Exceptions->errorHandler(2, 'Trying to acces...', 'C:\\xampp\\htdocs...', 21)
#1 C:\xampp\htdocs\tugas_akhir\ci4\system\View\View.php(210): include('C:\\xampp\\htdocs...')
#2 C:\xampp\htdocs\tugas_akhir\ci4\system\View\View.php(213): CodeIgniter\View\View->CodeIgniter\View\{closure}()
#3 C:\xampp\htdocs\tugas_akhir\ci4\system\Common.php(1089): CodeIgniter\View\View->render('daftar/create', Array, true)
#4 C:\xampp\htdocs\tugas_akhir\ci4\app\Controllers\Home.php(224): view('daftar/create', Array)
#5 C:\xampp\htdocs\tugas_akhir\ci4\system\CodeIgniter.php(832): App\Controllers\Home->panggil('img', 'undraw_profile....')
#6 C:\xampp\htdocs\tugas_akhir\ci4\system\CodeIgniter.php(419): CodeIgniter\CodeIgniter->runController(Object(App\Controllers\Home))
#7 C:\xampp\htdocs\tugas_akhir\ci4\system\CodeIgniter.php(326): CodeIgniter\CodeIgniter->handleRequest(NULL, Object(Config\Cache), false)
#8 C:\xampp\htdocs\tugas_akhir\ci4\public\index.php(37): CodeIgniter\CodeIgniter->run()
#9 C:\xampp\htdocs\tugas_akhir\ci4\system\Commands\Server\rewrite.php(43): require_once('C:\\xampp\\htdocs...')
#10 {main}
CRITICAL - 2022-06-29 12:23:48 --> Trying to access array offset on value of type null
#0 C:\xampp\htdocs\tugas_akhir\ci4\app\Views\daftar\create.php(22): CodeIgniter\Debug\Exceptions->errorHandler(2, 'Trying to acces...', 'C:\\xampp\\htdocs...', 22)
#1 C:\xampp\htdocs\tugas_akhir\ci4\system\View\View.php(210): include('C:\\xampp\\htdocs...')
#2 C:\xampp\htdocs\tugas_akhir\ci4\system\View\View.php(213): CodeIgniter\View\View->CodeIgniter\View\{closure}()
#3 C:\xampp\htdocs\tugas_akhir\ci4\system\Common.php(1089): CodeIgniter\View\View->render('daftar/create', Array, true)
#4 C:\xampp\htdocs\tugas_akhir\ci4\app\Controllers\Home.php(224): view('daftar/create', Array)
#5 C:\xampp\htdocs\tugas_akhir\ci4\system\CodeIgniter.php(832): App\Controllers\Home->panggil('img', 'undraw_profile....')
#6 C:\xampp\htdocs\tugas_akhir\ci4\system\CodeIgniter.php(419): CodeIgniter\CodeIgniter->runController(Object(App\Controllers\Home))
#7 C:\xampp\htdocs\tugas_akhir\ci4\system\CodeIgniter.php(326): CodeIgniter\CodeIgniter->handleRequest(NULL, Object(Config\Cache), false)
#8 C:\xampp\htdocs\tugas_akhir\ci4\public\index.php(37): CodeIgniter\CodeIgniter->run()
#9 C:\xampp\htdocs\tugas_akhir\ci4\system\Commands\Server\rewrite.php(43): require_once('C:\\xampp\\htdocs...')
#10 {main}
CRITICAL - 2022-06-29 12:26:17 --> Trying to access array offset on value of type null
#0 C:\xampp\htdocs\tugas_akhir\ci4\app\Views\daftar\create.php(21): CodeIgniter\Debug\Exceptions->errorHandler(2, 'Trying to acces...', 'C:\\xampp\\htdocs...', 21)
#1 C:\xampp\htdocs\tugas_akhir\ci4\system\View\View.php(210): include('C:\\xampp\\htdocs...')
#2 C:\xampp\htdocs\tugas_akhir\ci4\system\View\View.php(213): CodeIgniter\View\View->CodeIgniter\View\{closure}()
#3 C:\xampp\htdocs\tugas_akhir\ci4\system\Common.php(1089): CodeIgniter\View\View->render('daftar/create', Array, true)
#4 C:\xampp\htdocs\tugas_akhir\ci4\app\Controllers\Home.php(224): view('daftar/create', Array)
#5 C:\xampp\htdocs\tugas_akhir\ci4\system\CodeIgniter.php(832): App\Controllers\Home->panggil('img', 'undraw_profile....')
#6 C:\xampp\htdocs\tugas_akhir\ci4\system\CodeIgniter.php(419): CodeIgniter\CodeIgniter->runController(Object(App\Controllers\Home))
#7 C:\xampp\htdocs\tugas_akhir\ci4\system\CodeIgniter.php(326): CodeIgniter\CodeIgniter->handleRequest(NULL, Object(Config\Cache), false)
#8 C:\xampp\htdocs\tugas_akhir\ci4\public\index.php(37): CodeIgniter\CodeIgniter->run()
#9 C:\xampp\htdocs\tugas_akhir\ci4\system\Commands\Server\rewrite.php(43): require_once('C:\\xampp\\htdocs...')
#10 {main}
CRITICAL - 2022-06-29 12:26:31 --> Trying to access array offset on value of type null
#0 C:\xampp\htdocs\tugas_akhir\ci4\app\Views\daftar\create.php(21): CodeIgniter\Debug\Exceptions->errorHandler(2, 'Trying to acces...', 'C:\\xampp\\htdocs...', 21)
#1 C:\xampp\htdocs\tugas_akhir\ci4\system\View\View.php(210): include('C:\\xampp\\htdocs...')
#2 C:\xampp\htdocs\tugas_akhir\ci4\system\View\View.php(213): CodeIgniter\View\View->CodeIgniter\View\{closure}()
#3 C:\xampp\htdocs\tugas_akhir\ci4\system\Common.php(1089): CodeIgniter\View\View->render('daftar/create', Array, true)
#4 C:\xampp\htdocs\tugas_akhir\ci4\app\Controllers\Home.php(224): view('daftar/create', Array)
#5 C:\xampp\htdocs\tugas_akhir\ci4\system\CodeIgniter.php(832): App\Controllers\Home->panggil('img', 'undraw_profile....')
#6 C:\xampp\htdocs\tugas_akhir\ci4\system\CodeIgniter.php(419): CodeIgniter\CodeIgniter->runController(Object(App\Controllers\Home))
#7 C:\xampp\htdocs\tugas_akhir\ci4\system\CodeIgniter.php(326): CodeIgniter\CodeIgniter->handleRequest(NULL, Object(Config\Cache), false)
#8 C:\xampp\htdocs\tugas_akhir\ci4\public\index.php(37): CodeIgniter\CodeIgniter->run()
#9 C:\xampp\htdocs\tugas_akhir\ci4\system\Commands\Server\rewrite.php(43): require_once('C:\\xampp\\htdocs...')
#10 {main}
CRITICAL - 2022-06-29 12:28:06 --> Trying to access array offset on value of type null
#0 C:\xampp\htdocs\tugas_akhir\ci4\app\Views\daftar\create.php(21): CodeIgniter\Debug\Exceptions->errorHandler(2, 'Trying to acces...', 'C:\\xampp\\htdocs...', 21)
#1 C:\xampp\htdocs\tugas_akhir\ci4\system\View\View.php(210): include('C:\\xampp\\htdocs...')
#2 C:\xampp\htdocs\tugas_akhir\ci4\system\View\View.php(213): CodeIgniter\View\View->CodeIgniter\View\{closure}()
#3 C:\xampp\htdocs\tugas_akhir\ci4\system\Common.php(1089): CodeIgniter\View\View->render('daftar/create', Array, true)
#4 C:\xampp\htdocs\tugas_akhir\ci4\app\Controllers\Home.php(224): view('daftar/create', Array)
#5 C:\xampp\htdocs\tugas_akhir\ci4\system\CodeIgniter.php(832): App\Controllers\Home->panggil('img', 'undraw_profile....')
#6 C:\xampp\htdocs\tugas_akhir\ci4\system\CodeIgniter.php(419): CodeIgniter\CodeIgniter->runController(Object(App\Controllers\Home))
#7 C:\xampp\htdocs\tugas_akhir\ci4\system\CodeIgniter.php(326): CodeIgniter\CodeIgniter->handleRequest(NULL, Object(Config\Cache), false)
#8 C:\xampp\htdocs\tugas_akhir\ci4\public\index.php(37): CodeIgniter\CodeIgniter->run()
#9 C:\xampp\htdocs\tugas_akhir\ci4\system\Commands\Server\rewrite.php(43): require_once('C:\\xampp\\htdocs...')
#10 {main}
CRITICAL - 2022-06-29 12:28:57 --> Trying to access array offset on value of type null
#0 C:\xampp\htdocs\tugas_akhir\ci4\app\Views\daftar\create.php(21): CodeIgniter\Debug\Exceptions->errorHandler(2, 'Trying to acces...', 'C:\\xampp\\htdocs...', 21)
#1 C:\xampp\htdocs\tugas_akhir\ci4\system\View\View.php(210): include('C:\\xampp\\htdocs...')
#2 C:\xampp\htdocs\tugas_akhir\ci4\system\View\View.php(213): CodeIgniter\View\View->CodeIgniter\View\{closure}()
#3 C:\xampp\htdocs\tugas_akhir\ci4\system\Common.php(1089): CodeIgniter\View\View->render('daftar/create', Array, true)
#4 C:\xampp\htdocs\tugas_akhir\ci4\app\Controllers\Home.php(224): view('daftar/create', Array)
#5 C:\xampp\htdocs\tugas_akhir\ci4\system\CodeIgniter.php(832): App\Controllers\Home->panggil('img', 'undraw_profile....')
#6 C:\xampp\htdocs\tugas_akhir\ci4\system\CodeIgniter.php(419): CodeIgniter\CodeIgniter->runController(Object(App\Controllers\Home))
#7 C:\xampp\htdocs\tugas_akhir\ci4\system\CodeIgniter.php(326): CodeIgniter\CodeIgniter->handleRequest(NULL, Object(Config\Cache), false)
#8 C:\xampp\htdocs\tugas_akhir\ci4\public\index.php(37): CodeIgniter\CodeIgniter->run()
#9 C:\xampp\htdocs\tugas_akhir\ci4\system\Commands\Server\rewrite.php(43): require_once('C:\\xampp\\htdocs...')
#10 {main}
CRITICAL - 2022-06-29 12:29:50 --> Trying to access array offset on value of type null
#0 C:\xampp\htdocs\tugas_akhir\ci4\app\Views\daftar\create.php(21): CodeIgniter\Debug\Exceptions->errorHandler(2, 'Trying to acces...', 'C:\\xampp\\htdocs...', 21)
#1 C:\xampp\htdocs\tugas_akhir\ci4\system\View\View.php(210): include('C:\\xampp\\htdocs...')
#2 C:\xampp\htdocs\tugas_akhir\ci4\system\View\View.php(213): CodeIgniter\View\View->CodeIgniter\View\{closure}()
#3 C:\xampp\htdocs\tugas_akhir\ci4\system\Common.php(1089): CodeIgniter\View\View->render('daftar/create', Array, true)
#4 C:\xampp\htdocs\tugas_akhir\ci4\app\Controllers\Home.php(224): view('daftar/create', Array)
#5 C:\xampp\htdocs\tugas_akhir\ci4\system\CodeIgniter.php(832): App\Controllers\Home->panggil('img', 'undraw_profile....')
#6 C:\xampp\htdocs\tugas_akhir\ci4\system\CodeIgniter.php(419): CodeIgniter\CodeIgniter->runController(Object(App\Controllers\Home))
#7 C:\xampp\htdocs\tugas_akhir\ci4\system\CodeIgniter.php(326): CodeIgniter\CodeIgniter->handleRequest(NULL, Object(Config\Cache), false)
#8 C:\xampp\htdocs\tugas_akhir\ci4\public\index.php(37): CodeIgniter\CodeIgniter->run()
#9 C:\xampp\htdocs\tugas_akhir\ci4\system\Commands\Server\rewrite.php(43): require_once('C:\\xampp\\htdocs...')
#10 {main}
CRITICAL - 2022-06-29 12:33:50 --> Trying to access array offset on value of type null
#0 C:\xampp\htdocs\tugas_akhir\ci4\app\Views\daftar\create.php(21): CodeIgniter\Debug\Exceptions->errorHandler(2, 'Trying to acces...', 'C:\\xampp\\htdocs...', 21)
#1 C:\xampp\htdocs\tugas_akhir\ci4\system\View\View.php(210): include('C:\\xampp\\htdocs...')
#2 C:\xampp\htdocs\tugas_akhir\ci4\system\View\View.php(213): CodeIgniter\View\View->CodeIgniter\View\{closure}()
#3 C:\xampp\htdocs\tugas_akhir\ci4\system\Common.php(1089): CodeIgniter\View\View->render('daftar/create', Array, true)
#4 C:\xampp\htdocs\tugas_akhir\ci4\app\Controllers\Home.php(224): view('daftar/create', Array)
#5 C:\xampp\htdocs\tugas_akhir\ci4\system\CodeIgniter.php(832): App\Controllers\Home->panggil('img', 'undraw_profile....')
#6 C:\xampp\htdocs\tugas_akhir\ci4\system\CodeIgniter.php(419): CodeIgniter\CodeIgniter->runController(Object(App\Controllers\Home))
#7 C:\xampp\htdocs\tugas_akhir\ci4\system\CodeIgniter.php(326): CodeIgniter\CodeIgniter->handleRequest(NULL, Object(Config\Cache), false)
#8 C:\xampp\htdocs\tugas_akhir\ci4\public\index.php(37): CodeIgniter\CodeIgniter->run()
#9 C:\xampp\htdocs\tugas_akhir\ci4\system\Commands\Server\rewrite.php(43): require_once('C:\\xampp\\htdocs...')
#10 {main}
CRITICAL - 2022-06-29 12:34:34 --> Trying to access array offset on value of type null
#0 C:\xampp\htdocs\tugas_akhir\ci4\app\Views\daftar\create.php(21): CodeIgniter\Debug\Exceptions->errorHandler(2, 'Trying to acces...', 'C:\\xampp\\htdocs...', 21)
#1 C:\xampp\htdocs\tugas_akhir\ci4\system\View\View.php(210): include('C:\\xampp\\htdocs...')
#2 C:\xampp\htdocs\tugas_akhir\ci4\system\View\View.php(213): CodeIgniter\View\View->CodeIgniter\View\{closure}()
#3 C:\xampp\htdocs\tugas_akhir\ci4\system\Common.php(1089): CodeIgniter\View\View->render('daftar/create', Array, true)
#4 C:\xampp\htdocs\tugas_akhir\ci4\app\Controllers\Home.php(224): view('daftar/create', Array)
#5 C:\xampp\htdocs\tugas_akhir\ci4\system\CodeIgniter.php(832): App\Controllers\Home->panggil('img', 'undraw_profile....')
#6 C:\xampp\htdocs\tugas_akhir\ci4\system\CodeIgniter.php(419): CodeIgniter\CodeIgniter->runController(Object(App\Controllers\Home))
#7 C:\xampp\htdocs\tugas_akhir\ci4\system\CodeIgniter.php(326): CodeIgniter\CodeIgniter->handleRequest(NULL, Object(Config\Cache), false)
#8 C:\xampp\htdocs\tugas_akhir\ci4\public\index.php(37): CodeIgniter\CodeIgniter->run()
#9 C:\xampp\htdocs\tugas_akhir\ci4\system\Commands\Server\rewrite.php(43): require_once('C:\\xampp\\htdocs...')
#10 {main}
CRITICAL - 2022-06-29 12:34:57 --> Trying to access array offset on value of type null
#0 C:\xampp\htdocs\tugas_akhir\ci4\app\Views\daftar\create.php(21): CodeIgniter\Debug\Exceptions->errorHandler(2, 'Trying to acces...', 'C:\\xampp\\htdocs...', 21)
#1 C:\xampp\htdocs\tugas_akhir\ci4\system\View\View.php(210): include('C:\\xampp\\htdocs...')
#2 C:\xampp\htdocs\tugas_akhir\ci4\system\View\View.php(213): CodeIgniter\View\View->CodeIgniter\View\{closure}()
#3 C:\xampp\htdocs\tugas_akhir\ci4\system\Common.php(1089): CodeIgniter\View\View->render('daftar/create', Array, true)
#4 C:\xampp\htdocs\tugas_akhir\ci4\app\Controllers\Home.php(224): view('daftar/create', Array)
#5 C:\xampp\htdocs\tugas_akhir\ci4\system\CodeIgniter.php(832): App\Controllers\Home->panggil('img', 'undraw_profile....')
#6 C:\xampp\htdocs\tugas_akhir\ci4\system\CodeIgniter.php(419): CodeIgniter\CodeIgniter->runController(Object(App\Controllers\Home))
#7 C:\xampp\htdocs\tugas_akhir\ci4\system\CodeIgniter.php(326): CodeIgniter\CodeIgniter->handleRequest(NULL, Object(Config\Cache), false)
#8 C:\xampp\htdocs\tugas_akhir\ci4\public\index.php(37): CodeIgniter\CodeIgniter->run()
#9 C:\xampp\htdocs\tugas_akhir\ci4\system\Commands\Server\rewrite.php(43): require_once('C:\\xampp\\htdocs...')
#10 {main}
CRITICAL - 2022-06-29 22:59:12 --> Trying to access array offset on value of type null
#0 C:\xampp\htdocs\tugas_akhir\ci4\app\Views\daftar\create.php(21): CodeIgniter\Debug\Exceptions->errorHandler(2, 'Trying to acces...', 'C:\\xampp\\htdocs...', 21)
#1 C:\xampp\htdocs\tugas_akhir\ci4\system\View\View.php(210): include('C:\\xampp\\htdocs...')
#2 C:\xampp\htdocs\tugas_akhir\ci4\system\View\View.php(213): CodeIgniter\View\View->CodeIgniter\View\{closure}()
#3 C:\xampp\htdocs\tugas_akhir\ci4\system\Common.php(1089): CodeIgniter\View\View->render('daftar/create', Array, true)
#4 C:\xampp\htdocs\tugas_akhir\ci4\app\Controllers\Home.php(224): view('daftar/create', Array)
#5 C:\xampp\htdocs\tugas_akhir\ci4\system\CodeIgniter.php(832): App\Controllers\Home->panggil('img', 'undraw_profile....')
#6 C:\xampp\htdocs\tugas_akhir\ci4\system\CodeIgniter.php(419): CodeIgniter\CodeIgniter->runController(Object(App\Controllers\Home))
#7 C:\xampp\htdocs\tugas_akhir\ci4\system\CodeIgniter.php(326): CodeIgniter\CodeIgniter->handleRequest(NULL, Object(Config\Cache), false)
#8 C:\xampp\htdocs\tugas_akhir\ci4\public\index.php(37): CodeIgniter\CodeIgniter->run()
#9 C:\xampp\htdocs\tugas_akhir\ci4\system\Commands\Server\rewrite.php(43): require_once('C:\\xampp\\htdocs...')
#10 {main}
CRITICAL - 2022-06-29 23:01:50 --> Trying to access array offset on value of type null
#0 C:\xampp\htdocs\tugas_akhir\ci4\app\Views\daftar\create.php(21): CodeIgniter\Debug\Exceptions->errorHandler(2, 'Trying to acces...', 'C:\\xampp\\htdocs...', 21)
#1 C:\xampp\htdocs\tugas_akhir\ci4\system\View\View.php(210): include('C:\\xampp\\htdocs...')
#2 C:\xampp\htdocs\tugas_akhir\ci4\system\View\View.php(213): CodeIgniter\View\View->CodeIgniter\View\{closure}()
#3 C:\xampp\htdocs\tugas_akhir\ci4\system\Common.php(1089): CodeIgniter\View\View->render('daftar/create', Array, true)
#4 C:\xampp\htdocs\tugas_akhir\ci4\app\Controllers\Home.php(225): view('daftar/create', Array)
#5 C:\xampp\htdocs\tugas_akhir\ci4\system\CodeIgniter.php(832): App\Controllers\Home->panggil('img', 'undraw_profile....')
#6 C:\xampp\htdocs\tugas_akhir\ci4\system\CodeIgniter.php(419): CodeIgniter\CodeIgniter->runController(Object(App\Controllers\Home))
#7 C:\xampp\htdocs\tugas_akhir\ci4\system\CodeIgniter.php(326): CodeIgniter\CodeIgniter->handleRequest(NULL, Object(Config\Cache), false)
#8 C:\xampp\htdocs\tugas_akhir\ci4\public\index.php(37): CodeIgniter\CodeIgniter->run()
#9 C:\xampp\htdocs\tugas_akhir\ci4\system\Commands\Server\rewrite.php(43): require_once('C:\\xampp\\htdocs...')
#10 {main}
CRITICAL - 2022-06-29 23:01:55 --> Trying to access array offset on value of type null
#0 C:\xampp\htdocs\tugas_akhir\ci4\app\Views\daftar\create.php(21): CodeIgniter\Debug\Exceptions->errorHandler(2, 'Trying to acces...', 'C:\\xampp\\htdocs...', 21)
#1 C:\xampp\htdocs\tugas_akhir\ci4\system\View\View.php(210): include('C:\\xampp\\htdocs...')
#2 C:\xampp\htdocs\tugas_akhir\ci4\system\View\View.php(213): CodeIgniter\View\View->CodeIgniter\View\{closure}()
#3 C:\xampp\htdocs\tugas_akhir\ci4\system\Common.php(1089): CodeIgniter\View\View->render('daftar/create', Array, true)
#4 C:\xampp\htdocs\tugas_akhir\ci4\app\Controllers\Home.php(225): view('daftar/create', Array)
#5 C:\xampp\htdocs\tugas_akhir\ci4\system\CodeIgniter.php(832): App\Controllers\Home->panggil('img', 'undraw_profile....')
#6 C:\xampp\htdocs\tugas_akhir\ci4\system\CodeIgniter.php(419): CodeIgniter\CodeIgniter->runController(Object(App\Controllers\Home))
#7 C:\xampp\htdocs\tugas_akhir\ci4\system\CodeIgniter.php(326): CodeIgniter\CodeIgniter->handleRequest(NULL, Object(Config\Cache), false)
#8 C:\xampp\htdocs\tugas_akhir\ci4\public\index.php(37): CodeIgniter\CodeIgniter->run()
#9 C:\xampp\htdocs\tugas_akhir\ci4\system\Commands\Server\rewrite.php(43): require_once('C:\\xampp\\htdocs...')
#10 {main}
CRITICAL - 2022-06-29 23:02:08 --> Trying to access array offset on value of type null
#0 C:\xampp\htdocs\tugas_akhir\ci4\app\Views\daftar\create.php(21): CodeIgniter\Debug\Exceptions->errorHandler(2, 'Trying to acces...', 'C:\\xampp\\htdocs...', 21)
#1 C:\xampp\htdocs\tugas_akhir\ci4\system\View\View.php(210): include('C:\\xampp\\htdocs...')
#2 C:\xampp\htdocs\tugas_akhir\ci4\system\View\View.php(213): CodeIgniter\View\View->CodeIgniter\View\{closure}()
#3 C:\xampp\htdocs\tugas_akhir\ci4\system\Common.php(1089): CodeIgniter\View\View->render('daftar/create', Array, true)
#4 C:\xampp\htdocs\tugas_akhir\ci4\app\Controllers\Home.php(225): view('daftar/create', Array)
#5 C:\xampp\htdocs\tugas_akhir\ci4\system\CodeIgniter.php(832): App\Controllers\Home->panggil('img', 'undraw_profile....')
#6 C:\xampp\htdocs\tugas_akhir\ci4\system\CodeIgniter.php(419): CodeIgniter\CodeIgniter->runController(Object(App\Controllers\Home))
#7 C:\xampp\htdocs\tugas_akhir\ci4\system\CodeIgniter.php(326): CodeIgniter\CodeIgniter->handleRequest(NULL, Object(Config\Cache), false)
#8 C:\xampp\htdocs\tugas_akhir\ci4\public\index.php(37): CodeIgniter\CodeIgniter->run()
#9 C:\xampp\htdocs\tugas_akhir\ci4\system\Commands\Server\rewrite.php(43): require_once('C:\\xampp\\htdocs...')
#10 {main}
CRITICAL - 2022-06-29 23:04:32 --> Trying to access array offset on value of type null
#0 C:\xampp\htdocs\tugas_akhir\ci4\app\Views\daftar\create.php(21): CodeIgniter\Debug\Exceptions->errorHandler(2, 'Trying to acces...', 'C:\\xampp\\htdocs...', 21)
#1 C:\xampp\htdocs\tugas_akhir\ci4\system\View\View.php(210): include('C:\\xampp\\htdocs...')
#2 C:\xampp\htdocs\tugas_akhir\ci4\system\View\View.php(213): CodeIgniter\View\View->CodeIgniter\View\{closure}()
#3 C:\xampp\htdocs\tugas_akhir\ci4\system\Common.php(1089): CodeIgniter\View\View->render('daftar/create', Array, true)
#4 C:\xampp\htdocs\tugas_akhir\ci4\app\Controllers\Home.php(225): view('daftar/create', Array)
#5 C:\xampp\htdocs\tugas_akhir\ci4\system\CodeIgniter.php(832): App\Controllers\Home->panggil('img', 'undraw_profile....')
#6 C:\xampp\htdocs\tugas_akhir\ci4\system\CodeIgniter.php(419): CodeIgniter\CodeIgniter->runController(Object(App\Controllers\Home))
#7 C:\xampp\htdocs\tugas_akhir\ci4\system\CodeIgniter.php(326): CodeIgniter\CodeIgniter->handleRequest(NULL, Object(Config\Cache), false)
#8 C:\xampp\htdocs\tugas_akhir\ci4\public\index.php(37): CodeIgniter\CodeIgniter->run()
#9 C:\xampp\htdocs\tugas_akhir\ci4\system\Commands\Server\rewrite.php(43): require_once('C:\\xampp\\htdocs...')
#10 {main}
CRITICAL - 2022-06-29 23:04:46 --> Trying to access array offset on value of type null
#0 C:\xampp\htdocs\tugas_akhir\ci4\app\Views\daftar\create.php(21): CodeIgniter\Debug\Exceptions->errorHandler(2, 'Trying to acces...', 'C:\\xampp\\htdocs...', 21)
#1 C:\xampp\htdocs\tugas_akhir\ci4\system\View\View.php(210): include('C:\\xampp\\htdocs...')
#2 C:\xampp\htdocs\tugas_akhir\ci4\system\View\View.php(213): CodeIgniter\View\View->CodeIgniter\View\{closure}()
#3 C:\xampp\htdocs\tugas_akhir\ci4\system\Common.php(1089): CodeIgniter\View\View->render('daftar/create', Array, true)
#4 C:\xampp\htdocs\tugas_akhir\ci4\app\Controllers\Home.php(225): view('daftar/create', Array)
#5 C:\xampp\htdocs\tugas_akhir\ci4\system\CodeIgniter.php(832): App\Controllers\Home->panggil('img', 'undraw_profile....')
#6 C:\xampp\htdocs\tugas_akhir\ci4\system\CodeIgniter.php(419): CodeIgniter\CodeIgniter->runController(Object(App\Controllers\Home))
#7 C:\xampp\htdocs\tugas_akhir\ci4\system\CodeIgniter.php(326): CodeIgniter\CodeIgniter->handleRequest(NULL, Object(Config\Cache), false)
#8 C:\xampp\htdocs\tugas_akhir\ci4\public\index.php(37): CodeIgniter\CodeIgniter->run()
#9 C:\xampp\htdocs\tugas_akhir\ci4\system\Commands\Server\rewrite.php(43): require_once('C:\\xampp\\htdocs...')
#10 {main}
CRITICAL - 2022-06-29 23:05:17 --> Trying to access array offset on value of type null
#0 C:\xampp\htdocs\tugas_akhir\ci4\app\Views\daftar\create.php(21): CodeIgniter\Debug\Exceptions->errorHandler(2, 'Trying to acces...', 'C:\\xampp\\htdocs...', 21)
#1 C:\xampp\htdocs\tugas_akhir\ci4\system\View\View.php(210): include('C:\\xampp\\htdocs...')
#2 C:\xampp\htdocs\tugas_akhir\ci4\system\View\View.php(213): CodeIgniter\View\View->CodeIgniter\View\{closure}()
#3 C:\xampp\htdocs\tugas_akhir\ci4\system\Common.php(1089): CodeIgniter\View\View->render('daftar/create', Array, true)
#4 C:\xampp\htdocs\tugas_akhir\ci4\app\Controllers\Home.php(225): view('daftar/create', Array)
#5 C:\xampp\htdocs\tugas_akhir\ci4\system\CodeIgniter.php(832): App\Controllers\Home->panggil('img', 'undraw_profile....')
#6 C:\xampp\htdocs\tugas_akhir\ci4\system\CodeIgniter.php(419): CodeIgniter\CodeIgniter->runController(Object(App\Controllers\Home))
#7 C:\xampp\htdocs\tugas_akhir\ci4\system\CodeIgniter.php(326): CodeIgniter\CodeIgniter->handleRequest(NULL, Object(Config\Cache), false)
#8 C:\xampp\htdocs\tugas_akhir\ci4\public\index.php(37): CodeIgniter\CodeIgniter->run()
#9 C:\xampp\htdocs\tugas_akhir\ci4\system\Commands\Server\rewrite.php(43): require_once('C:\\xampp\\htdocs...')
#10 {main}
CRITICAL - 2022-06-29 23:05:26 --> Trying to access array offset on value of type null
#0 C:\xampp\htdocs\tugas_akhir\ci4\app\Views\daftar\create.php(21): CodeIgniter\Debug\Exceptions->errorHandler(2, 'Trying to acces...', 'C:\\xampp\\htdocs...', 21)
#1 C:\xampp\htdocs\tugas_akhir\ci4\system\View\View.php(210): include('C:\\xampp\\htdocs...')
#2 C:\xampp\htdocs\tugas_akhir\ci4\system\View\View.php(213): CodeIgniter\View\View->CodeIgniter\View\{closure}()
#3 C:\xampp\htdocs\tugas_akhir\ci4\system\Common.php(1089): CodeIgniter\View\View->render('daftar/create', Array, true)
#4 C:\xampp\htdocs\tugas_akhir\ci4\app\Controllers\Home.php(225): view('daftar/create', Array)
#5 C:\xampp\htdocs\tugas_akhir\ci4\system\CodeIgniter.php(832): App\Controllers\Home->panggil('img', 'undraw_profile....')
#6 C:\xampp\htdocs\tugas_akhir\ci4\system\CodeIgniter.php(419): CodeIgniter\CodeIgniter->runController(Object(App\Controllers\Home))
#7 C:\xampp\htdocs\tugas_akhir\ci4\system\CodeIgniter.php(326): CodeIgniter\CodeIgniter->handleRequest(NULL, Object(Config\Cache), false)
#8 C:\xampp\htdocs\tugas_akhir\ci4\public\index.php(37): CodeIgniter\CodeIgniter->run()
#9 C:\xampp\htdocs\tugas_akhir\ci4\system\Commands\Server\rewrite.php(43): require_once('C:\\xampp\\htdocs...')
#10 {main}
CRITICAL - 2022-06-29 23:19:55 --> Trying to access array offset on value of type null
#0 C:\xampp\htdocs\tugas_akhir\ci4\app\Views\daftar\create.php(21): CodeIgniter\Debug\Exceptions->errorHandler(2, 'Trying to acces...', 'C:\\xampp\\htdocs...', 21)
#1 C:\xampp\htdocs\tugas_akhir\ci4\system\View\View.php(210): include('C:\\xampp\\htdocs...')
#2 C:\xampp\htdocs\tugas_akhir\ci4\system\View\View.php(213): CodeIgniter\View\View->CodeIgniter\View\{closure}()
#3 C:\xampp\htdocs\tugas_akhir\ci4\system\Common.php(1089): CodeIgniter\View\View->render('daftar/create', Array, true)
#4 C:\xampp\htdocs\tugas_akhir\ci4\app\Controllers\Home.php(225): view('daftar/create', Array)
#5 C:\xampp\htdocs\tugas_akhir\ci4\system\CodeIgniter.php(832): App\Controllers\Home->panggil('img', 'undraw_profile....')
#6 C:\xampp\htdocs\tugas_akhir\ci4\system\CodeIgniter.php(419): CodeIgniter\CodeIgniter->runController(Object(App\Controllers\Home))
#7 C:\xampp\htdocs\tugas_akhir\ci4\system\CodeIgniter.php(326): CodeIgniter\CodeIgniter->handleRequest(NULL, Object(Config\Cache), false)
#8 C:\xampp\htdocs\tugas_akhir\ci4\public\index.php(37): CodeIgniter\CodeIgniter->run()
#9 C:\xampp\htdocs\tugas_akhir\ci4\system\Commands\Server\rewrite.php(43): require_once('C:\\xampp\\htdocs...')
#10 {main}
