ERROR - 2022-06-26 09:31:20 --> Error connecting to the database: No connection could be made because the target machine actively refused it
CRITICAL - 2022-06-26 09:31:20 --> Unable to connect to the database.
Main connection [MySQLi]: No connection could be made because the target machine actively refused it
#0 C:\xampp\htdocs\tugas_akhir\ci4\system\Database\BaseConnection.php(577): CodeIgniter\Database\BaseConnection->initialize()
#1 C:\xampp\htdocs\tugas_akhir\ci4\system\Database\BaseBuilder.php(1539): CodeIgniter\Database\BaseConnection->query('SELECT COUNT(*)...', Array, false)
#2 C:\xampp\htdocs\tugas_akhir\ci4\system\Model.php(509): CodeIgniter\Database\BaseBuilder->countAllResults(false)
#3 C:\xampp\htdocs\tugas_akhir\ci4\system\BaseModel.php(1084): CodeIgniter\Model->countAllResults(false)
#4 C:\xampp\htdocs\tugas_akhir\ci4\app\Controllers\Home.php(30): CodeIgniter\BaseModel->paginate(1000)
#5 C:\xampp\htdocs\tugas_akhir\ci4\system\CodeIgniter.php(832): App\Controllers\Home->index()
#6 C:\xampp\htdocs\tugas_akhir\ci4\system\CodeIgniter.php(419): CodeIgniter\CodeIgniter->runController(Object(App\Controllers\Home))
#7 C:\xampp\htdocs\tugas_akhir\ci4\system\CodeIgniter.php(326): CodeIgniter\CodeIgniter->handleRequest(NULL, Object(Config\Cache), false)
#8 C:\xampp\htdocs\tugas_akhir\ci4\public\index.php(37): CodeIgniter\CodeIgniter->run()
#9 C:\xampp\htdocs\tugas_akhir\ci4\system\Commands\Server\rewrite.php(43): require_once('C:\\xampp\\htdocs...')
#10 {main}
ERROR - 2022-06-26 09:31:25 --> Error connecting to the database: No connection could be made because the target machine actively refused it
CRITICAL - 2022-06-26 09:31:25 --> Unable to connect to the database.
Main connection [MySQLi]: No connection could be made because the target machine actively refused it
#0 C:\xampp\htdocs\tugas_akhir\ci4\system\Database\BaseConnection.php(577): CodeIgniter\Database\BaseConnection->initialize()
#1 C:\xampp\htdocs\tugas_akhir\ci4\system\Database\BaseBuilder.php(1539): CodeIgniter\Database\BaseConnection->query('SELECT COUNT(*)...', Array, false)
#2 C:\xampp\htdocs\tugas_akhir\ci4\system\Model.php(509): CodeIgniter\Database\BaseBuilder->countAllResults(false)
#3 C:\xampp\htdocs\tugas_akhir\ci4\system\BaseModel.php(1084): CodeIgniter\Model->countAllResults(false)
#4 C:\xampp\htdocs\tugas_akhir\ci4\app\Controllers\Home.php(30): CodeIgniter\BaseModel->paginate(1000)
#5 C:\xampp\htdocs\tugas_akhir\ci4\system\CodeIgniter.php(832): App\Controllers\Home->index()
#6 C:\xampp\htdocs\tugas_akhir\ci4\system\CodeIgniter.php(419): CodeIgniter\CodeIgniter->runController(Object(App\Controllers\Home))
#7 C:\xampp\htdocs\tugas_akhir\ci4\system\CodeIgniter.php(326): CodeIgniter\CodeIgniter->handleRequest(NULL, Object(Config\Cache), false)
#8 C:\xampp\htdocs\tugas_akhir\ci4\public\index.php(37): CodeIgniter\CodeIgniter->run()
#9 C:\xampp\htdocs\tugas_akhir\ci4\system\Commands\Server\rewrite.php(43): require_once('C:\\xampp\\htdocs...')
#10 {main}
ERROR - 2022-06-26 09:31:30 --> Error connecting to the database: No connection could be made because the target machine actively refused it
CRITICAL - 2022-06-26 09:31:30 --> Unable to connect to the database.
Main connection [MySQLi]: No connection could be made because the target machine actively refused it
#0 C:\xampp\htdocs\tugas_akhir\ci4\system\Database\BaseConnection.php(577): CodeIgniter\Database\BaseConnection->initialize()
#1 C:\xampp\htdocs\tugas_akhir\ci4\system\Database\BaseBuilder.php(1539): CodeIgniter\Database\BaseConnection->query('SELECT COUNT(*)...', Array, false)
#2 C:\xampp\htdocs\tugas_akhir\ci4\system\Model.php(509): CodeIgniter\Database\BaseBuilder->countAllResults(false)
#3 C:\xampp\htdocs\tugas_akhir\ci4\system\BaseModel.php(1084): CodeIgniter\Model->countAllResults(false)
#4 C:\xampp\htdocs\tugas_akhir\ci4\app\Controllers\Home.php(30): CodeIgniter\BaseModel->paginate(1000)
#5 C:\xampp\htdocs\tugas_akhir\ci4\system\CodeIgniter.php(832): App\Controllers\Home->index()
#6 C:\xampp\htdocs\tugas_akhir\ci4\system\CodeIgniter.php(419): CodeIgniter\CodeIgniter->runController(Object(App\Controllers\Home))
#7 C:\xampp\htdocs\tugas_akhir\ci4\system\CodeIgniter.php(326): CodeIgniter\CodeIgniter->handleRequest(NULL, Object(Config\Cache), false)
#8 C:\xampp\htdocs\tugas_akhir\ci4\public\index.php(37): CodeIgniter\CodeIgniter->run()
#9 C:\xampp\htdocs\tugas_akhir\ci4\system\Commands\Server\rewrite.php(43): require_once('C:\\xampp\\htdocs...')
#10 {main}
ERROR - 2022-06-26 09:36:20 --> Cannot add or update a child row: a foreign key constraint fails (`uas`.`iuran`, CONSTRAINT `iuran_ibfk_1` FOREIGN KEY (`warga_id`) REFERENCES `warga` (`id`))
CRITICAL - 2022-06-26 09:36:20 --> Cannot add or update a child row: a foreign key constraint fails (`uas`.`iuran`, CONSTRAINT `iuran_ibfk_1` FOREIGN KEY (`warga_id`) REFERENCES `warga` (`id`))
#0 C:\xampp\htdocs\tugas_akhir\ci4\system\Database\MySQLi\Connection.php(292): mysqli->query('INSERT INTO `iu...', 0)
#1 C:\xampp\htdocs\tugas_akhir\ci4\system\Database\BaseConnection.php(670): CodeIgniter\Database\MySQLi\Connection->execute('INSERT INTO `iu...')
#2 C:\xampp\htdocs\tugas_akhir\ci4\system\Database\BaseConnection.php(598): CodeIgniter\Database\BaseConnection->simpleQuery('INSERT INTO `iu...')
#3 C:\xampp\htdocs\tugas_akhir\ci4\system\Database\BaseBuilder.php(1771): CodeIgniter\Database\BaseConnection->query('INSERT INTO `iu...', Array, false)
#4 C:\xampp\htdocs\tugas_akhir\ci4\system\Model.php(239): CodeIgniter\Database\BaseBuilder->insert()
#5 C:\xampp\htdocs\tugas_akhir\ci4\system\BaseModel.php(738): CodeIgniter\Model->doInsert(Array)
#6 C:\xampp\htdocs\tugas_akhir\ci4\system\Model.php(625): CodeIgniter\BaseModel->insert(Array, false)
#7 C:\xampp\htdocs\tugas_akhir\ci4\system\BaseModel.php(658): CodeIgniter\Model->insert(Array, false)
#8 C:\xampp\htdocs\tugas_akhir\ci4\app\Controllers\Iuran.php(45): CodeIgniter\BaseModel->save(Array)
#9 C:\xampp\htdocs\tugas_akhir\ci4\system\CodeIgniter.php(832): App\Controllers\Iuran->simpan()
#10 C:\xampp\htdocs\tugas_akhir\ci4\system\CodeIgniter.php(419): CodeIgniter\CodeIgniter->runController(Object(App\Controllers\Iuran))
#11 C:\xampp\htdocs\tugas_akhir\ci4\system\CodeIgniter.php(326): CodeIgniter\CodeIgniter->handleRequest(NULL, Object(Config\Cache), false)
#12 C:\xampp\htdocs\tugas_akhir\ci4\public\index.php(37): CodeIgniter\CodeIgniter->run()
#13 C:\xampp\htdocs\tugas_akhir\ci4\system\Commands\Server\rewrite.php(43): require_once('C:\\xampp\\htdocs...')
#14 {main}
ERROR - 2022-06-26 09:43:40 --> Cannot add or update a child row: a foreign key constraint fails (`uas`.`iuran`, CONSTRAINT `iuran_ibfk_1` FOREIGN KEY (`warga_id`) REFERENCES `warga` (`id`))
CRITICAL - 2022-06-26 09:43:40 --> Cannot add or update a child row: a foreign key constraint fails (`uas`.`iuran`, CONSTRAINT `iuran_ibfk_1` FOREIGN KEY (`warga_id`) REFERENCES `warga` (`id`))
#0 C:\xampp\htdocs\tugas_akhir\ci4\system\Database\MySQLi\Connection.php(292): mysqli->query('INSERT INTO `iu...', 0)
#1 C:\xampp\htdocs\tugas_akhir\ci4\system\Database\BaseConnection.php(670): CodeIgniter\Database\MySQLi\Connection->execute('INSERT INTO `iu...')
#2 C:\xampp\htdocs\tugas_akhir\ci4\system\Database\BaseConnection.php(598): CodeIgniter\Database\BaseConnection->simpleQuery('INSERT INTO `iu...')
#3 C:\xampp\htdocs\tugas_akhir\ci4\system\Database\BaseBuilder.php(1771): CodeIgniter\Database\BaseConnection->query('INSERT INTO `iu...', Array, false)
#4 C:\xampp\htdocs\tugas_akhir\ci4\system\Model.php(239): CodeIgniter\Database\BaseBuilder->insert()
#5 C:\xampp\htdocs\tugas_akhir\ci4\system\BaseModel.php(738): CodeIgniter\Model->doInsert(Array)
#6 C:\xampp\htdocs\tugas_akhir\ci4\system\Model.php(625): CodeIgniter\BaseModel->insert(Array, false)
#7 C:\xampp\htdocs\tugas_akhir\ci4\system\BaseModel.php(658): CodeIgniter\Model->insert(Array, false)
#8 C:\xampp\htdocs\tugas_akhir\ci4\app\Controllers\Iuran.php(48): CodeIgniter\BaseModel->save(Array)
#9 C:\xampp\htdocs\tugas_akhir\ci4\system\CodeIgniter.php(832): App\Controllers\Iuran->simpan()
#10 C:\xampp\htdocs\tugas_akhir\ci4\system\CodeIgniter.php(419): CodeIgniter\CodeIgniter->runController(Object(App\Controllers\Iuran))
#11 C:\xampp\htdocs\tugas_akhir\ci4\system\CodeIgniter.php(326): CodeIgniter\CodeIgniter->handleRequest(NULL, Object(Config\Cache), false)
#12 C:\xampp\htdocs\tugas_akhir\ci4\public\index.php(37): CodeIgniter\CodeIgniter->run()
#13 C:\xampp\htdocs\tugas_akhir\ci4\system\Commands\Server\rewrite.php(43): require_once('C:\\xampp\\htdocs...')
#14 {main}
CRITICAL - 2022-06-26 09:58:07 --> Call to undefined method App\Models\WargaModel::getAll
#0 C:\xampp\htdocs\tugas_akhir\ci4\app\Controllers\Iuran.php(19): CodeIgniter\Model->__call('getAll', Array)
#1 C:\xampp\htdocs\tugas_akhir\ci4\system\CodeIgniter.php(832): App\Controllers\Iuran->laporan_iuran()
#2 C:\xampp\htdocs\tugas_akhir\ci4\system\CodeIgniter.php(419): CodeIgniter\CodeIgniter->runController(Object(App\Controllers\Iuran))
#3 C:\xampp\htdocs\tugas_akhir\ci4\system\CodeIgniter.php(326): CodeIgniter\CodeIgniter->handleRequest(NULL, Object(Config\Cache), false)
#4 C:\xampp\htdocs\tugas_akhir\ci4\public\index.php(37): CodeIgniter\CodeIgniter->run()
#5 C:\xampp\htdocs\tugas_akhir\ci4\system\Commands\Server\rewrite.php(43): require_once('C:\\xampp\\htdocs...')
#6 {main}
CRITICAL - 2022-06-26 14:58:16 --> warga_pagination is not a valid Pager template.
#0 C:\xampp\htdocs\tugas_akhir\ci4\system\Pager\Pager.php(120): CodeIgniter\Pager\Exceptions\PagerException::forInvalidTemplate('warga_paginatio...')
#1 C:\xampp\htdocs\tugas_akhir\ci4\system\Pager\Pager.php(83): CodeIgniter\Pager\Pager->displayLinks('warga', 'warga_paginatio...')
#2 C:\xampp\htdocs\tugas_akhir\ci4\app\Views\pages\index.php(83): CodeIgniter\Pager\Pager->links('warga', 'warga_paginatio...')
#3 C:\xampp\htdocs\tugas_akhir\ci4\system\View\View.php(210): include('C:\\xampp\\htdocs...')
#4 C:\xampp\htdocs\tugas_akhir\ci4\system\View\View.php(213): CodeIgniter\View\View->CodeIgniter\View\{closure}()
#5 C:\xampp\htdocs\tugas_akhir\ci4\system\Common.php(1089): CodeIgniter\View\View->render('pages/index', Array, true)
#6 C:\xampp\htdocs\tugas_akhir\ci4\app\Controllers\Home.php(39): view('pages/index', Array)
#7 C:\xampp\htdocs\tugas_akhir\ci4\system\CodeIgniter.php(832): App\Controllers\Home->index()
#8 C:\xampp\htdocs\tugas_akhir\ci4\system\CodeIgniter.php(419): CodeIgniter\CodeIgniter->runController(Object(App\Controllers\Home))
#9 C:\xampp\htdocs\tugas_akhir\ci4\system\CodeIgniter.php(326): CodeIgniter\CodeIgniter->handleRequest(NULL, Object(Config\Cache), false)
#10 C:\xampp\htdocs\tugas_akhir\ci4\public\index.php(37): CodeIgniter\CodeIgniter->run()
#11 C:\xampp\htdocs\tugas_akhir\ci4\system\Commands\Server\rewrite.php(43): require_once('C:\\xampp\\htdocs...')
#12 {main}
CRITICAL - 2022-06-26 14:59:04 --> warga_pagination is not a valid Pager template.
#0 C:\xampp\htdocs\tugas_akhir\ci4\system\Pager\Pager.php(120): CodeIgniter\Pager\Exceptions\PagerException::forInvalidTemplate('warga_paginatio...')
#1 C:\xampp\htdocs\tugas_akhir\ci4\system\Pager\Pager.php(83): CodeIgniter\Pager\Pager->displayLinks('warga', 'warga_paginatio...')
#2 C:\xampp\htdocs\tugas_akhir\ci4\app\Views\pages\index.php(83): CodeIgniter\Pager\Pager->links('warga', 'warga_paginatio...')
#3 C:\xampp\htdocs\tugas_akhir\ci4\system\View\View.php(210): include('C:\\xampp\\htdocs...')
#4 C:\xampp\htdocs\tugas_akhir\ci4\system\View\View.php(213): CodeIgniter\View\View->CodeIgniter\View\{closure}()
#5 C:\xampp\htdocs\tugas_akhir\ci4\system\Common.php(1089): CodeIgniter\View\View->render('pages/index', Array, true)
#6 C:\xampp\htdocs\tugas_akhir\ci4\app\Controllers\Home.php(39): view('pages/index', Array)
#7 C:\xampp\htdocs\tugas_akhir\ci4\system\CodeIgniter.php(832): App\Controllers\Home->index()
#8 C:\xampp\htdocs\tugas_akhir\ci4\system\CodeIgniter.php(419): CodeIgniter\CodeIgniter->runController(Object(App\Controllers\Home))
#9 C:\xampp\htdocs\tugas_akhir\ci4\system\CodeIgniter.php(326): CodeIgniter\CodeIgniter->handleRequest(NULL, Object(Config\Cache), false)
#10 C:\xampp\htdocs\tugas_akhir\ci4\public\index.php(37): CodeIgniter\CodeIgniter->run()
#11 C:\xampp\htdocs\tugas_akhir\ci4\system\Commands\Server\rewrite.php(43): require_once('C:\\xampp\\htdocs...')
#12 {main}
CRITICAL - 2022-06-26 14:59:39 --> warga_pagination is not a valid Pager template.
#0 C:\xampp\htdocs\tugas_akhir\ci4\system\Pager\Pager.php(120): CodeIgniter\Pager\Exceptions\PagerException::forInvalidTemplate('warga_paginatio...')
#1 C:\xampp\htdocs\tugas_akhir\ci4\system\Pager\Pager.php(83): CodeIgniter\Pager\Pager->displayLinks('warga', 'warga_paginatio...')
#2 C:\xampp\htdocs\tugas_akhir\ci4\app\Views\pages\index.php(83): CodeIgniter\Pager\Pager->links('warga', 'warga_paginatio...')
#3 C:\xampp\htdocs\tugas_akhir\ci4\system\View\View.php(210): include('C:\\xampp\\htdocs...')
#4 C:\xampp\htdocs\tugas_akhir\ci4\system\View\View.php(213): CodeIgniter\View\View->CodeIgniter\View\{closure}()
#5 C:\xampp\htdocs\tugas_akhir\ci4\system\Common.php(1089): CodeIgniter\View\View->render('pages/index', Array, true)
#6 C:\xampp\htdocs\tugas_akhir\ci4\app\Controllers\Home.php(39): view('pages/index', Array)
#7 C:\xampp\htdocs\tugas_akhir\ci4\system\CodeIgniter.php(832): App\Controllers\Home->index()
#8 C:\xampp\htdocs\tugas_akhir\ci4\system\CodeIgniter.php(419): CodeIgniter\CodeIgniter->runController(Object(App\Controllers\Home))
#9 C:\xampp\htdocs\tugas_akhir\ci4\system\CodeIgniter.php(326): CodeIgniter\CodeIgniter->handleRequest(NULL, Object(Config\Cache), false)
#10 C:\xampp\htdocs\tugas_akhir\ci4\public\index.php(37): CodeIgniter\CodeIgniter->run()
#11 C:\xampp\htdocs\tugas_akhir\ci4\system\Commands\Server\rewrite.php(43): require_once('C:\\xampp\\htdocs...')
#12 {main}
CRITICAL - 2022-06-26 15:00:05 --> warga_pagination is not a valid Pager template.
#0 C:\xampp\htdocs\tugas_akhir\ci4\system\Pager\Pager.php(120): CodeIgniter\Pager\Exceptions\PagerException::forInvalidTemplate('warga_paginatio...')
#1 C:\xampp\htdocs\tugas_akhir\ci4\system\Pager\Pager.php(83): CodeIgniter\Pager\Pager->displayLinks('warga', 'warga_paginatio...')
#2 C:\xampp\htdocs\tugas_akhir\ci4\app\Views\pages\index.php(83): CodeIgniter\Pager\Pager->links('warga', 'warga_paginatio...')
#3 C:\xampp\htdocs\tugas_akhir\ci4\system\View\View.php(210): include('C:\\xampp\\htdocs...')
#4 C:\xampp\htdocs\tugas_akhir\ci4\system\View\View.php(213): CodeIgniter\View\View->CodeIgniter\View\{closure}()
#5 C:\xampp\htdocs\tugas_akhir\ci4\system\Common.php(1089): CodeIgniter\View\View->render('pages/index', Array, true)
#6 C:\xampp\htdocs\tugas_akhir\ci4\app\Controllers\Home.php(39): view('pages/index', Array)
#7 C:\xampp\htdocs\tugas_akhir\ci4\system\CodeIgniter.php(832): App\Controllers\Home->index()
#8 C:\xampp\htdocs\tugas_akhir\ci4\system\CodeIgniter.php(419): CodeIgniter\CodeIgniter->runController(Object(App\Controllers\Home))
#9 C:\xampp\htdocs\tugas_akhir\ci4\system\CodeIgniter.php(326): CodeIgniter\CodeIgniter->handleRequest(NULL, Object(Config\Cache), false)
#10 C:\xampp\htdocs\tugas_akhir\ci4\public\index.php(37): CodeIgniter\CodeIgniter->run()
#11 C:\xampp\htdocs\tugas_akhir\ci4\system\Commands\Server\rewrite.php(43): require_once('C:\\xampp\\htdocs...')
#12 {main}
CRITICAL - 2022-06-26 15:03:29 --> warga_pagination is not a valid Pager template.
#0 C:\xampp\htdocs\tugas_akhir\ci4\system\Pager\Pager.php(120): CodeIgniter\Pager\Exceptions\PagerException::forInvalidTemplate('warga_paginatio...')
#1 C:\xampp\htdocs\tugas_akhir\ci4\system\Pager\Pager.php(83): CodeIgniter\Pager\Pager->displayLinks('warga', 'warga_paginatio...')
#2 C:\xampp\htdocs\tugas_akhir\ci4\app\Views\pages\index.php(83): CodeIgniter\Pager\Pager->links('warga', 'warga_paginatio...')
#3 C:\xampp\htdocs\tugas_akhir\ci4\system\View\View.php(210): include('C:\\xampp\\htdocs...')
#4 C:\xampp\htdocs\tugas_akhir\ci4\system\View\View.php(213): CodeIgniter\View\View->CodeIgniter\View\{closure}()
#5 C:\xampp\htdocs\tugas_akhir\ci4\system\Common.php(1089): CodeIgniter\View\View->render('pages/index', Array, true)
#6 C:\xampp\htdocs\tugas_akhir\ci4\app\Controllers\Home.php(39): view('pages/index', Array)
#7 C:\xampp\htdocs\tugas_akhir\ci4\system\CodeIgniter.php(832): App\Controllers\Home->index()
#8 C:\xampp\htdocs\tugas_akhir\ci4\system\CodeIgniter.php(419): CodeIgniter\CodeIgniter->runController(Object(App\Controllers\Home))
#9 C:\xampp\htdocs\tugas_akhir\ci4\system\CodeIgniter.php(326): CodeIgniter\CodeIgniter->handleRequest(NULL, Object(Config\Cache), false)
#10 C:\xampp\htdocs\tugas_akhir\ci4\public\index.php(37): CodeIgniter\CodeIgniter->run()
#11 C:\xampp\htdocs\tugas_akhir\ci4\system\Commands\Server\rewrite.php(43): require_once('C:\\xampp\\htdocs...')
#12 {main}
CRITICAL - 2022-06-26 15:07:02 --> warga_pagination is not a valid Pager template.
#0 C:\xampp\htdocs\tugas_akhir\ci4\system\Pager\Pager.php(120): CodeIgniter\Pager\Exceptions\PagerException::forInvalidTemplate('warga_paginatio...')
#1 C:\xampp\htdocs\tugas_akhir\ci4\system\Pager\Pager.php(83): CodeIgniter\Pager\Pager->displayLinks('warga', 'warga_paginatio...')
#2 C:\xampp\htdocs\tugas_akhir\ci4\app\Views\pages\index.php(83): CodeIgniter\Pager\Pager->links('warga', 'warga_paginatio...')
#3 C:\xampp\htdocs\tugas_akhir\ci4\system\View\View.php(210): include('C:\\xampp\\htdocs...')
#4 C:\xampp\htdocs\tugas_akhir\ci4\system\View\View.php(213): CodeIgniter\View\View->CodeIgniter\View\{closure}()
#5 C:\xampp\htdocs\tugas_akhir\ci4\system\Common.php(1089): CodeIgniter\View\View->render('pages/index', Array, true)
#6 C:\xampp\htdocs\tugas_akhir\ci4\app\Controllers\Home.php(39): view('pages/index', Array)
#7 C:\xampp\htdocs\tugas_akhir\ci4\system\CodeIgniter.php(832): App\Controllers\Home->index()
#8 C:\xampp\htdocs\tugas_akhir\ci4\system\CodeIgniter.php(419): CodeIgniter\CodeIgniter->runController(Object(App\Controllers\Home))
#9 C:\xampp\htdocs\tugas_akhir\ci4\system\CodeIgniter.php(326): CodeIgniter\CodeIgniter->handleRequest(NULL, Object(Config\Cache), false)
#10 C:\xampp\htdocs\tugas_akhir\ci4\public\index.php(37): CodeIgniter\CodeIgniter->run()
#11 C:\xampp\htdocs\tugas_akhir\ci4\system\Commands\Server\rewrite.php(43): require_once('C:\\xampp\\htdocs...')
#12 {main}
CRITICAL - 2022-06-26 15:14:39 --> Invalid file: pages/detail.php
#0 C:\xampp\htdocs\tugas_akhir\ci4\system\View\View.php(198): CodeIgniter\Exceptions\FrameworkException::forInvalidFile('pages/detail.ph...')
#1 C:\xampp\htdocs\tugas_akhir\ci4\system\Common.php(1089): CodeIgniter\View\View->render('pages/detail', Array, true)
#2 C:\xampp\htdocs\tugas_akhir\ci4\app\Controllers\Home.php(53): view('pages/detail', Array)
#3 C:\xampp\htdocs\tugas_akhir\ci4\system\CodeIgniter.php(832): App\Controllers\Home->detail('312010309')
#4 C:\xampp\htdocs\tugas_akhir\ci4\system\CodeIgniter.php(419): CodeIgniter\CodeIgniter->runController(Object(App\Controllers\Home))
#5 C:\xampp\htdocs\tugas_akhir\ci4\system\CodeIgniter.php(326): CodeIgniter\CodeIgniter->handleRequest(NULL, Object(Config\Cache), false)
#6 C:\xampp\htdocs\tugas_akhir\ci4\public\index.php(37): CodeIgniter\CodeIgniter->run()
#7 C:\xampp\htdocs\tugas_akhir\ci4\system\Commands\Server\rewrite.php(43): require_once('C:\\xampp\\htdocs...')
#8 {main}
