CRITICAL - 2022-06-15 03:57:41 --> Call to undefined function App\Controllers\virtual()
#0 C:\xampp\htdocs\tugas_akhir\ci4\system\CodeIgniter.php(832): App\Controllers\warga->tambah_data()
#1 C:\xampp\htdocs\tugas_akhir\ci4\system\CodeIgniter.php(419): CodeIgniter\CodeIgniter->runController(Object(App\Controllers\warga))
#2 C:\xampp\htdocs\tugas_akhir\ci4\system\CodeIgniter.php(326): CodeIgniter\CodeIgniter->handleRequest(NULL, Object(Config\Cache), false)
#3 C:\xampp\htdocs\tugas_akhir\ci4\public\index.php(37): CodeIgniter\CodeIgniter->run()
#4 C:\xampp\htdocs\tugas_akhir\ci4\system\Commands\Server\rewrite.php(43): require_once('C:\\xampp\\htdocs...')
#5 {main}
CRITICAL - 2022-06-15 17:20:10 --> Undefined variable $daftar
#0 C:\xampp\htdocs\tugas_akhir\ci4\app\Views\data_warga.php(46): CodeIgniter\Debug\Exceptions->errorHandler(2, 'Undefined varia...', 'C:\\xampp\\htdocs...', 46)
#1 C:\xampp\htdocs\tugas_akhir\ci4\system\View\View.php(210): include('C:\\xampp\\htdocs...')
#2 C:\xampp\htdocs\tugas_akhir\ci4\system\View\View.php(213): CodeIgniter\View\View->CodeIgniter\View\{closure}()
#3 C:\xampp\htdocs\tugas_akhir\ci4\system\Common.php(1089): CodeIgniter\View\View->render('/data_warga', Array, true)
#4 C:\xampp\htdocs\tugas_akhir\ci4\app\Controllers\warga.php(49): view('/data_warga', Array)
#5 C:\xampp\htdocs\tugas_akhir\ci4\system\CodeIgniter.php(832): App\Controllers\warga->tambah_data()
#6 C:\xampp\htdocs\tugas_akhir\ci4\system\CodeIgniter.php(419): CodeIgniter\CodeIgniter->runController(Object(App\Controllers\warga))
#7 C:\xampp\htdocs\tugas_akhir\ci4\system\CodeIgniter.php(326): CodeIgniter\CodeIgniter->handleRequest(NULL, Object(Config\Cache), false)
#8 C:\xampp\htdocs\tugas_akhir\ci4\public\index.php(37): CodeIgniter\CodeIgniter->run()
#9 C:\xampp\htdocs\tugas_akhir\ci4\system\Commands\Server\rewrite.php(43): require_once('C:\\xampp\\htdocs...')
#10 {main}
CRITICAL - 2022-06-15 17:21:12 --> Undefined variable $daftar
#0 C:\xampp\htdocs\tugas_akhir\ci4\app\Views\data_warga.php(46): CodeIgniter\Debug\Exceptions->errorHandler(2, 'Undefined varia...', 'C:\\xampp\\htdocs...', 46)
#1 C:\xampp\htdocs\tugas_akhir\ci4\system\View\View.php(210): include('C:\\xampp\\htdocs...')
#2 C:\xampp\htdocs\tugas_akhir\ci4\system\View\View.php(213): CodeIgniter\View\View->CodeIgniter\View\{closure}()
#3 C:\xampp\htdocs\tugas_akhir\ci4\system\Common.php(1089): CodeIgniter\View\View->render('/data_warga', Array, true)
#4 C:\xampp\htdocs\tugas_akhir\ci4\app\Controllers\warga.php(49): view('/data_warga', Array)
#5 C:\xampp\htdocs\tugas_akhir\ci4\system\CodeIgniter.php(832): App\Controllers\warga->tambah_data()
#6 C:\xampp\htdocs\tugas_akhir\ci4\system\CodeIgniter.php(419): CodeIgniter\CodeIgniter->runController(Object(App\Controllers\warga))
#7 C:\xampp\htdocs\tugas_akhir\ci4\system\CodeIgniter.php(326): CodeIgniter\CodeIgniter->handleRequest(NULL, Object(Config\Cache), false)
#8 C:\xampp\htdocs\tugas_akhir\ci4\public\index.php(37): CodeIgniter\CodeIgniter->run()
#9 C:\xampp\htdocs\tugas_akhir\ci4\system\Commands\Server\rewrite.php(43): require_once('C:\\xampp\\htdocs...')
#10 {main}
CRITICAL - 2022-06-15 17:23:28 --> Undefined variable $daftar
#0 C:\xampp\htdocs\tugas_akhir\ci4\app\Views\data_warga.php(46): CodeIgniter\Debug\Exceptions->errorHandler(2, 'Undefined varia...', 'C:\\xampp\\htdocs...', 46)
#1 C:\xampp\htdocs\tugas_akhir\ci4\system\View\View.php(210): include('C:\\xampp\\htdocs...')
#2 C:\xampp\htdocs\tugas_akhir\ci4\system\View\View.php(213): CodeIgniter\View\View->CodeIgniter\View\{closure}()
#3 C:\xampp\htdocs\tugas_akhir\ci4\system\Common.php(1089): CodeIgniter\View\View->render('/data_warga', Array, true)
#4 C:\xampp\htdocs\tugas_akhir\ci4\app\Controllers\warga.php(49): view('/data_warga', Array)
#5 C:\xampp\htdocs\tugas_akhir\ci4\system\CodeIgniter.php(832): App\Controllers\warga->tambah_data()
#6 C:\xampp\htdocs\tugas_akhir\ci4\system\CodeIgniter.php(419): CodeIgniter\CodeIgniter->runController(Object(App\Controllers\warga))
#7 C:\xampp\htdocs\tugas_akhir\ci4\system\CodeIgniter.php(326): CodeIgniter\CodeIgniter->handleRequest(NULL, Object(Config\Cache), false)
#8 C:\xampp\htdocs\tugas_akhir\ci4\public\index.php(37): CodeIgniter\CodeIgniter->run()
#9 C:\xampp\htdocs\tugas_akhir\ci4\system\Commands\Server\rewrite.php(43): require_once('C:\\xampp\\htdocs...')
#10 {main}
CRITICAL - 2022-06-15 17:23:48 --> Undefined variable $data
#0 C:\xampp\htdocs\tugas_akhir\ci4\app\Views\data_warga.php(46): CodeIgniter\Debug\Exceptions->errorHandler(2, 'Undefined varia...', 'C:\\xampp\\htdocs...', 46)
#1 C:\xampp\htdocs\tugas_akhir\ci4\system\View\View.php(210): include('C:\\xampp\\htdocs...')
#2 C:\xampp\htdocs\tugas_akhir\ci4\system\View\View.php(213): CodeIgniter\View\View->CodeIgniter\View\{closure}()
#3 C:\xampp\htdocs\tugas_akhir\ci4\system\Common.php(1089): CodeIgniter\View\View->render('/data_warga', Array, true)
#4 C:\xampp\htdocs\tugas_akhir\ci4\app\Controllers\warga.php(49): view('/data_warga', Array)
#5 C:\xampp\htdocs\tugas_akhir\ci4\system\CodeIgniter.php(832): App\Controllers\warga->tambah_data()
#6 C:\xampp\htdocs\tugas_akhir\ci4\system\CodeIgniter.php(419): CodeIgniter\CodeIgniter->runController(Object(App\Controllers\warga))
#7 C:\xampp\htdocs\tugas_akhir\ci4\system\CodeIgniter.php(326): CodeIgniter\CodeIgniter->handleRequest(NULL, Object(Config\Cache), false)
#8 C:\xampp\htdocs\tugas_akhir\ci4\public\index.php(37): CodeIgniter\CodeIgniter->run()
#9 C:\xampp\htdocs\tugas_akhir\ci4\system\Commands\Server\rewrite.php(43): require_once('C:\\xampp\\htdocs...')
#10 {main}
CRITICAL - 2022-06-15 17:36:13 --> Undefined variable $daftar
#0 C:\xampp\htdocs\tugas_akhir\ci4\app\Views\data_warga.php(46): CodeIgniter\Debug\Exceptions->errorHandler(2, 'Undefined varia...', 'C:\\xampp\\htdocs...', 46)
#1 C:\xampp\htdocs\tugas_akhir\ci4\system\View\View.php(210): include('C:\\xampp\\htdocs...')
#2 C:\xampp\htdocs\tugas_akhir\ci4\system\View\View.php(213): CodeIgniter\View\View->CodeIgniter\View\{closure}()
#3 C:\xampp\htdocs\tugas_akhir\ci4\system\Common.php(1089): CodeIgniter\View\View->render('/data_warga', Array, true)
#4 C:\xampp\htdocs\tugas_akhir\ci4\app\Controllers\warga.php(50): view('/data_warga', Array)
#5 C:\xampp\htdocs\tugas_akhir\ci4\system\CodeIgniter.php(832): App\Controllers\warga->tambah_data()
#6 C:\xampp\htdocs\tugas_akhir\ci4\system\CodeIgniter.php(419): CodeIgniter\CodeIgniter->runController(Object(App\Controllers\warga))
#7 C:\xampp\htdocs\tugas_akhir\ci4\system\CodeIgniter.php(326): CodeIgniter\CodeIgniter->handleRequest(NULL, Object(Config\Cache), false)
#8 C:\xampp\htdocs\tugas_akhir\ci4\public\index.php(37): CodeIgniter\CodeIgniter->run()
#9 C:\xampp\htdocs\tugas_akhir\ci4\system\Commands\Server\rewrite.php(43): require_once('C:\\xampp\\htdocs...')
#10 {main}
CRITICAL - 2022-06-15 19:29:14 --> Undefined variable $daftar
#0 C:\xampp\htdocs\tugas_akhir\ci4\app\Views\data_warga.php(46): CodeIgniter\Debug\Exceptions->errorHandler(2, 'Undefined varia...', 'C:\\xampp\\htdocs...', 46)
#1 C:\xampp\htdocs\tugas_akhir\ci4\system\View\View.php(210): include('C:\\xampp\\htdocs...')
#2 C:\xampp\htdocs\tugas_akhir\ci4\system\View\View.php(213): CodeIgniter\View\View->CodeIgniter\View\{closure}()
#3 C:\xampp\htdocs\tugas_akhir\ci4\system\Common.php(1089): CodeIgniter\View\View->render('/data_warga', Array, true)
#4 C:\xampp\htdocs\tugas_akhir\ci4\app\Controllers\warga.php(50): view('/data_warga', Array)
#5 C:\xampp\htdocs\tugas_akhir\ci4\system\CodeIgniter.php(832): App\Controllers\warga->tambah_data()
#6 C:\xampp\htdocs\tugas_akhir\ci4\system\CodeIgniter.php(419): CodeIgniter\CodeIgniter->runController(Object(App\Controllers\warga))
#7 C:\xampp\htdocs\tugas_akhir\ci4\system\CodeIgniter.php(326): CodeIgniter\CodeIgniter->handleRequest(NULL, Object(Config\Cache), false)
#8 C:\xampp\htdocs\tugas_akhir\ci4\public\index.php(37): CodeIgniter\CodeIgniter->run()
#9 C:\xampp\htdocs\tugas_akhir\ci4\system\Commands\Server\rewrite.php(43): require_once('C:\\xampp\\htdocs...')
#10 {main}
CRITICAL - 2022-06-15 19:32:08 --> Undefined variable $daftar
#0 C:\xampp\htdocs\tugas_akhir\ci4\app\Views\data_warga.php(46): CodeIgniter\Debug\Exceptions->errorHandler(2, 'Undefined varia...', 'C:\\xampp\\htdocs...', 46)
#1 C:\xampp\htdocs\tugas_akhir\ci4\system\View\View.php(210): include('C:\\xampp\\htdocs...')
#2 C:\xampp\htdocs\tugas_akhir\ci4\system\View\View.php(213): CodeIgniter\View\View->CodeIgniter\View\{closure}()
#3 C:\xampp\htdocs\tugas_akhir\ci4\system\Common.php(1089): CodeIgniter\View\View->render('/data_warga', Array, true)
#4 C:\xampp\htdocs\tugas_akhir\ci4\app\Controllers\warga.php(50): view('/data_warga', Array)
#5 C:\xampp\htdocs\tugas_akhir\ci4\system\CodeIgniter.php(832): App\Controllers\warga->tambah_data()
#6 C:\xampp\htdocs\tugas_akhir\ci4\system\CodeIgniter.php(419): CodeIgniter\CodeIgniter->runController(Object(App\Controllers\warga))
#7 C:\xampp\htdocs\tugas_akhir\ci4\system\CodeIgniter.php(326): CodeIgniter\CodeIgniter->handleRequest(NULL, Object(Config\Cache), false)
#8 C:\xampp\htdocs\tugas_akhir\ci4\public\index.php(37): CodeIgniter\CodeIgniter->run()
#9 C:\xampp\htdocs\tugas_akhir\ci4\system\Commands\Server\rewrite.php(43): require_once('C:\\xampp\\htdocs...')
#10 {main}
CRITICAL - 2022-06-15 19:32:52 --> Undefined variable $daftar
#0 C:\xampp\htdocs\tugas_akhir\ci4\app\Views\data_warga.php(46): CodeIgniter\Debug\Exceptions->errorHandler(2, 'Undefined varia...', 'C:\\xampp\\htdocs...', 46)
#1 C:\xampp\htdocs\tugas_akhir\ci4\system\View\View.php(210): include('C:\\xampp\\htdocs...')
#2 C:\xampp\htdocs\tugas_akhir\ci4\system\View\View.php(213): CodeIgniter\View\View->CodeIgniter\View\{closure}()
#3 C:\xampp\htdocs\tugas_akhir\ci4\system\Common.php(1089): CodeIgniter\View\View->render('/data_warga', Array, true)
#4 C:\xampp\htdocs\tugas_akhir\ci4\app\Controllers\warga.php(50): view('/data_warga', Array)
#5 C:\xampp\htdocs\tugas_akhir\ci4\system\CodeIgniter.php(832): App\Controllers\warga->tambah_data()
#6 C:\xampp\htdocs\tugas_akhir\ci4\system\CodeIgniter.php(419): CodeIgniter\CodeIgniter->runController(Object(App\Controllers\warga))
#7 C:\xampp\htdocs\tugas_akhir\ci4\system\CodeIgniter.php(326): CodeIgniter\CodeIgniter->handleRequest(NULL, Object(Config\Cache), false)
#8 C:\xampp\htdocs\tugas_akhir\ci4\public\index.php(37): CodeIgniter\CodeIgniter->run()
#9 C:\xampp\htdocs\tugas_akhir\ci4\system\Commands\Server\rewrite.php(43): require_once('C:\\xampp\\htdocs...')
#10 {main}
CRITICAL - 2022-06-15 19:44:00 --> Undefined variable $daftar
#0 C:\xampp\htdocs\tugas_akhir\ci4\app\Views\data_warga.php(46): CodeIgniter\Debug\Exceptions->errorHandler(2, 'Undefined varia...', 'C:\\xampp\\htdocs...', 46)
#1 C:\xampp\htdocs\tugas_akhir\ci4\system\View\View.php(210): include('C:\\xampp\\htdocs...')
#2 C:\xampp\htdocs\tugas_akhir\ci4\system\View\View.php(213): CodeIgniter\View\View->CodeIgniter\View\{closure}()
#3 C:\xampp\htdocs\tugas_akhir\ci4\system\Common.php(1089): CodeIgniter\View\View->render('/data_warga', Array, true)
#4 C:\xampp\htdocs\tugas_akhir\ci4\app\Controllers\warga.php(67): view('/data_warga')
#5 C:\xampp\htdocs\tugas_akhir\ci4\system\CodeIgniter.php(832): App\Controllers\warga->save()
#6 C:\xampp\htdocs\tugas_akhir\ci4\system\CodeIgniter.php(419): CodeIgniter\CodeIgniter->runController(Object(App\Controllers\warga))
#7 C:\xampp\htdocs\tugas_akhir\ci4\system\CodeIgniter.php(326): CodeIgniter\CodeIgniter->handleRequest(NULL, Object(Config\Cache), false)
#8 C:\xampp\htdocs\tugas_akhir\ci4\public\index.php(37): CodeIgniter\CodeIgniter->run()
#9 C:\xampp\htdocs\tugas_akhir\ci4\system\Commands\Server\rewrite.php(43): require_once('C:\\xampp\\htdocs...')
#10 {main}
ERROR - 2022-06-15 19:45:17 --> Duplicate entry '7777123' for key 'nik'
CRITICAL - 2022-06-15 19:45:17 --> Duplicate entry '7777123' for key 'nik'
#0 C:\xampp\htdocs\tugas_akhir\ci4\system\Database\MySQLi\Connection.php(292): mysqli->query('INSERT INTO `wa...', 0)
#1 C:\xampp\htdocs\tugas_akhir\ci4\system\Database\BaseConnection.php(670): CodeIgniter\Database\MySQLi\Connection->execute('INSERT INTO `wa...')
#2 C:\xampp\htdocs\tugas_akhir\ci4\system\Database\BaseConnection.php(598): CodeIgniter\Database\BaseConnection->simpleQuery('INSERT INTO `wa...')
#3 C:\xampp\htdocs\tugas_akhir\ci4\system\Database\BaseBuilder.php(1771): CodeIgniter\Database\BaseConnection->query('INSERT INTO `wa...', Array, false)
#4 C:\xampp\htdocs\tugas_akhir\ci4\system\Model.php(239): CodeIgniter\Database\BaseBuilder->insert()
#5 C:\xampp\htdocs\tugas_akhir\ci4\system\BaseModel.php(738): CodeIgniter\Model->doInsert(Array)
#6 C:\xampp\htdocs\tugas_akhir\ci4\system\Model.php(625): CodeIgniter\BaseModel->insert(Array, false)
#7 C:\xampp\htdocs\tugas_akhir\ci4\system\BaseModel.php(658): CodeIgniter\Model->insert(Array, false)
#8 C:\xampp\htdocs\tugas_akhir\ci4\app\Controllers\warga.php(65): CodeIgniter\BaseModel->save(Array)
#9 C:\xampp\htdocs\tugas_akhir\ci4\system\CodeIgniter.php(832): App\Controllers\warga->save()
#10 C:\xampp\htdocs\tugas_akhir\ci4\system\CodeIgniter.php(419): CodeIgniter\CodeIgniter->runController(Object(App\Controllers\warga))
#11 C:\xampp\htdocs\tugas_akhir\ci4\system\CodeIgniter.php(326): CodeIgniter\CodeIgniter->handleRequest(NULL, Object(Config\Cache), false)
#12 C:\xampp\htdocs\tugas_akhir\ci4\public\index.php(37): CodeIgniter\CodeIgniter->run()
#13 C:\xampp\htdocs\tugas_akhir\ci4\system\Commands\Server\rewrite.php(43): require_once('C:\\xampp\\htdocs...')
#14 {main}
ERROR - 2022-06-15 19:45:32 --> Duplicate entry '7777123' for key 'nik'
CRITICAL - 2022-06-15 19:45:32 --> Duplicate entry '7777123' for key 'nik'
#0 C:\xampp\htdocs\tugas_akhir\ci4\system\Database\MySQLi\Connection.php(292): mysqli->query('INSERT INTO `wa...', 0)
#1 C:\xampp\htdocs\tugas_akhir\ci4\system\Database\BaseConnection.php(670): CodeIgniter\Database\MySQLi\Connection->execute('INSERT INTO `wa...')
#2 C:\xampp\htdocs\tugas_akhir\ci4\system\Database\BaseConnection.php(598): CodeIgniter\Database\BaseConnection->simpleQuery('INSERT INTO `wa...')
#3 C:\xampp\htdocs\tugas_akhir\ci4\system\Database\BaseBuilder.php(1771): CodeIgniter\Database\BaseConnection->query('INSERT INTO `wa...', Array, false)
#4 C:\xampp\htdocs\tugas_akhir\ci4\system\Model.php(239): CodeIgniter\Database\BaseBuilder->insert()
#5 C:\xampp\htdocs\tugas_akhir\ci4\system\BaseModel.php(738): CodeIgniter\Model->doInsert(Array)
#6 C:\xampp\htdocs\tugas_akhir\ci4\system\Model.php(625): CodeIgniter\BaseModel->insert(Array, false)
#7 C:\xampp\htdocs\tugas_akhir\ci4\system\BaseModel.php(658): CodeIgniter\Model->insert(Array, false)
#8 C:\xampp\htdocs\tugas_akhir\ci4\app\Controllers\warga.php(65): CodeIgniter\BaseModel->save(Array)
#9 C:\xampp\htdocs\tugas_akhir\ci4\system\CodeIgniter.php(832): App\Controllers\warga->save()
#10 C:\xampp\htdocs\tugas_akhir\ci4\system\CodeIgniter.php(419): CodeIgniter\CodeIgniter->runController(Object(App\Controllers\warga))
#11 C:\xampp\htdocs\tugas_akhir\ci4\system\CodeIgniter.php(326): CodeIgniter\CodeIgniter->handleRequest(NULL, Object(Config\Cache), false)
#12 C:\xampp\htdocs\tugas_akhir\ci4\public\index.php(37): CodeIgniter\CodeIgniter->run()
#13 C:\xampp\htdocs\tugas_akhir\ci4\system\Commands\Server\rewrite.php(43): require_once('C:\\xampp\\htdocs...')
#14 {main}
