CRITICAL - 2022-07-06 23:12:32 --> Trying to access array offset on value of type null
#0 C:\xampp\htdocs\UAS_Pemrograman\ci4\app\Views\daftar\create.php(21): CodeIgniter\Debug\Exceptions->errorHandler(2, 'Trying to acces...', 'C:\\xampp\\htdocs...', 21)
#1 C:\xampp\htdocs\UAS_Pemrograman\ci4\system\View\View.php(210): include('C:\\xampp\\htdocs...')
#2 C:\xampp\htdocs\UAS_Pemrograman\ci4\system\View\View.php(213): CodeIgniter\View\View->CodeIgniter\View\{closure}()
#3 C:\xampp\htdocs\UAS_Pemrograman\ci4\system\Common.php(1089): CodeIgniter\View\View->render('daftar/create', Array, true)
#4 C:\xampp\htdocs\UAS_Pemrograman\ci4\app\Controllers\Home.php(225): view('daftar/create', Array)
#5 C:\xampp\htdocs\UAS_Pemrograman\ci4\system\CodeIgniter.php(832): App\Controllers\Home->panggil('img', 'undraw_profile....')
#6 C:\xampp\htdocs\UAS_Pemrograman\ci4\system\CodeIgniter.php(419): CodeIgniter\CodeIgniter->runController(Object(App\Controllers\Home))
#7 C:\xampp\htdocs\UAS_Pemrograman\ci4\system\CodeIgniter.php(326): CodeIgniter\CodeIgniter->handleRequest(NULL, Object(Config\Cache), false)
#8 C:\xampp\htdocs\UAS_Pemrograman\ci4\public\index.php(37): CodeIgniter\CodeIgniter->run()
#9 C:\xampp\htdocs\UAS_Pemrograman\ci4\system\Commands\Server\rewrite.php(43): require_once('C:\\xampp\\htdocs...')
#10 {main}
ERROR - 2022-07-06 23:12:50 --> Cannot delete or update a parent row: a foreign key constraint fails (`uas`.`iuran`, CONSTRAINT `iuran_ibfk_1` FOREIGN KEY (`warga_id`) REFERENCES `warga` (`id`))
CRITICAL - 2022-07-06 23:12:50 --> Cannot delete or update a parent row: a foreign key constraint fails (`uas`.`iuran`, CONSTRAINT `iuran_ibfk_1` FOREIGN KEY (`warga_id`) REFERENCES `warga` (`id`))
#0 C:\xampp\htdocs\UAS_Pemrograman\ci4\system\Database\MySQLi\Connection.php(292): mysqli->query('DELETE FROM `wa...', 0)
#1 C:\xampp\htdocs\UAS_Pemrograman\ci4\system\Database\BaseConnection.php(670): CodeIgniter\Database\MySQLi\Connection->execute('DELETE FROM `wa...')
#2 C:\xampp\htdocs\UAS_Pemrograman\ci4\system\Database\BaseConnection.php(598): CodeIgniter\Database\BaseConnection->simpleQuery('DELETE FROM `wa...')
#3 C:\xampp\htdocs\UAS_Pemrograman\ci4\system\Database\BaseBuilder.php(2225): CodeIgniter\Database\BaseConnection->query('DELETE FROM `wa...', Array, false)
#4 C:\xampp\htdocs\UAS_Pemrograman\ci4\system\Model.php(359): CodeIgniter\Database\BaseBuilder->delete()
#5 C:\xampp\htdocs\UAS_Pemrograman\ci4\system\BaseModel.php(963): CodeIgniter\Model->doDelete(Array, false)
#6 C:\xampp\htdocs\UAS_Pemrograman\ci4\app\Controllers\Home.php(209): CodeIgniter\BaseModel->delete(Array)
#7 C:\xampp\htdocs\UAS_Pemrograman\ci4\system\CodeIgniter.php(832): App\Controllers\Home->delete('2')
#8 C:\xampp\htdocs\UAS_Pemrograman\ci4\system\CodeIgniter.php(419): CodeIgniter\CodeIgniter->runController(Object(App\Controllers\Home))
#9 C:\xampp\htdocs\UAS_Pemrograman\ci4\system\CodeIgniter.php(326): CodeIgniter\CodeIgniter->handleRequest(NULL, Object(Config\Cache), false)
#10 C:\xampp\htdocs\UAS_Pemrograman\ci4\public\index.php(37): CodeIgniter\CodeIgniter->run()
#11 C:\xampp\htdocs\UAS_Pemrograman\ci4\system\Commands\Server\rewrite.php(43): require_once('C:\\xampp\\htdocs...')
#12 {main}
