CRITICAL - 2022-06-17 00:24:12 --> Undefined variable $warga
#0 C:\xampp\htdocs\tugas_akhir\ci4\app\Views\data_warga.php(47): CodeIgniter\Debug\Exceptions->errorHandler(2, 'Undefined varia...', 'C:\\xampp\\htdocs...', 47)
#1 C:\xampp\htdocs\tugas_akhir\ci4\system\View\View.php(210): include('C:\\xampp\\htdocs...')
#2 C:\xampp\htdocs\tugas_akhir\ci4\system\View\View.php(213): CodeIgniter\View\View->CodeIgniter\View\{closure}()
#3 C:\xampp\htdocs\tugas_akhir\ci4\system\Common.php(1089): CodeIgniter\View\View->render('/data_warga', Array, true)
#4 C:\xampp\htdocs\tugas_akhir\ci4\app\Controllers\Warga.php(44): view('/data_warga')
#5 C:\xampp\htdocs\tugas_akhir\ci4\system\CodeIgniter.php(832): App\Controllers\Warga->simpan()
#6 C:\xampp\htdocs\tugas_akhir\ci4\system\CodeIgniter.php(419): CodeIgniter\CodeIgniter->runController(Object(App\Controllers\Warga))
#7 C:\xampp\htdocs\tugas_akhir\ci4\system\CodeIgniter.php(326): CodeIgniter\CodeIgniter->handleRequest(NULL, Object(Config\Cache), false)
#8 C:\xampp\htdocs\tugas_akhir\ci4\public\index.php(37): CodeIgniter\CodeIgniter->run()
#9 C:\xampp\htdocs\tugas_akhir\ci4\system\Commands\Server\rewrite.php(43): require_once('C:\\xampp\\htdocs...')
#10 {main}
ERROR - 2022-06-17 00:25:05 --> Duplicate entry '893' for key 'nik'
CRITICAL - 2022-06-17 00:25:05 --> Duplicate entry '893' for key 'nik'
#0 C:\xampp\htdocs\tugas_akhir\ci4\system\Database\MySQLi\Connection.php(292): mysqli->query('INSERT INTO `wa...', 0)
#1 C:\xampp\htdocs\tugas_akhir\ci4\system\Database\BaseConnection.php(670): CodeIgniter\Database\MySQLi\Connection->execute('INSERT INTO `wa...')
#2 C:\xampp\htdocs\tugas_akhir\ci4\system\Database\BaseConnection.php(598): CodeIgniter\Database\BaseConnection->simpleQuery('INSERT INTO `wa...')
#3 C:\xampp\htdocs\tugas_akhir\ci4\system\Database\BaseBuilder.php(1771): CodeIgniter\Database\BaseConnection->query('INSERT INTO `wa...', Array, false)
#4 C:\xampp\htdocs\tugas_akhir\ci4\system\Model.php(239): CodeIgniter\Database\BaseBuilder->insert()
#5 C:\xampp\htdocs\tugas_akhir\ci4\system\BaseModel.php(738): CodeIgniter\Model->doInsert(Array)
#6 C:\xampp\htdocs\tugas_akhir\ci4\system\Model.php(625): CodeIgniter\BaseModel->insert(Array, false)
#7 C:\xampp\htdocs\tugas_akhir\ci4\system\BaseModel.php(658): CodeIgniter\Model->insert(Array, false)
#8 C:\xampp\htdocs\tugas_akhir\ci4\app\Controllers\Warga.php(42): CodeIgniter\BaseModel->save(Array)
#9 C:\xampp\htdocs\tugas_akhir\ci4\system\CodeIgniter.php(832): App\Controllers\Warga->simpan()
#10 C:\xampp\htdocs\tugas_akhir\ci4\system\CodeIgniter.php(419): CodeIgniter\CodeIgniter->runController(Object(App\Controllers\Warga))
#11 C:\xampp\htdocs\tugas_akhir\ci4\system\CodeIgniter.php(326): CodeIgniter\CodeIgniter->handleRequest(NULL, Object(Config\Cache), false)
#12 C:\xampp\htdocs\tugas_akhir\ci4\public\index.php(37): CodeIgniter\CodeIgniter->run()
#13 C:\xampp\htdocs\tugas_akhir\ci4\system\Commands\Server\rewrite.php(43): require_once('C:\\xampp\\htdocs...')
#14 {main}
ERROR - 2022-06-17 03:37:20 --> Error connecting to the database: No connection could be made because the target machine actively refused it
CRITICAL - 2022-06-17 03:37:20 --> Unable to connect to the database.
Main connection [MySQLi]: No connection could be made because the target machine actively refused it
#0 C:\xampp\htdocs\tugas_akhir\ci4\system\Database\BaseConnection.php(577): CodeIgniter\Database\BaseConnection->initialize()
#1 C:\xampp\htdocs\tugas_akhir\ci4\system\Database\BaseBuilder.php(1455): CodeIgniter\Database\BaseConnection->query('SELECT *\nFROM `...', Array, false)
#2 C:\xampp\htdocs\tugas_akhir\ci4\system\Model.php(183): CodeIgniter\Database\BaseBuilder->get()
#3 C:\xampp\htdocs\tugas_akhir\ci4\system\BaseModel.php(584): CodeIgniter\Model->doFindAll(0, 0)
#4 C:\xampp\htdocs\tugas_akhir\ci4\app\Models\WargaModel.php(16): CodeIgniter\BaseModel->findAll()
#5 C:\xampp\htdocs\tugas_akhir\ci4\app\Controllers\Warga.php(16): App\Models\WargaModel->getWarga()
#6 C:\xampp\htdocs\tugas_akhir\ci4\system\CodeIgniter.php(832): App\Controllers\Warga->data_warga()
#7 C:\xampp\htdocs\tugas_akhir\ci4\system\CodeIgniter.php(419): CodeIgniter\CodeIgniter->runController(Object(App\Controllers\Warga))
#8 C:\xampp\htdocs\tugas_akhir\ci4\system\CodeIgniter.php(326): CodeIgniter\CodeIgniter->handleRequest(NULL, Object(Config\Cache), false)
#9 C:\xampp\htdocs\tugas_akhir\ci4\public\index.php(37): CodeIgniter\CodeIgniter->run()
#10 C:\xampp\htdocs\tugas_akhir\ci4\system\Commands\Server\rewrite.php(43): require_once('C:\\xampp\\htdocs...')
#11 {main}
ERROR - 2022-06-17 05:45:52 --> Duplicate entry '123' for key 'nik'
CRITICAL - 2022-06-17 05:45:52 --> Duplicate entry '123' for key 'nik'
#0 C:\xampp\htdocs\tugas_akhir\ci4\system\Database\MySQLi\Connection.php(292): mysqli->query('INSERT INTO `wa...', 0)
#1 C:\xampp\htdocs\tugas_akhir\ci4\system\Database\BaseConnection.php(670): CodeIgniter\Database\MySQLi\Connection->execute('INSERT INTO `wa...')
#2 C:\xampp\htdocs\tugas_akhir\ci4\system\Database\BaseConnection.php(598): CodeIgniter\Database\BaseConnection->simpleQuery('INSERT INTO `wa...')
#3 C:\xampp\htdocs\tugas_akhir\ci4\system\Database\BaseBuilder.php(1771): CodeIgniter\Database\BaseConnection->query('INSERT INTO `wa...', Array, false)
#4 C:\xampp\htdocs\tugas_akhir\ci4\system\Model.php(239): CodeIgniter\Database\BaseBuilder->insert()
#5 C:\xampp\htdocs\tugas_akhir\ci4\system\BaseModel.php(738): CodeIgniter\Model->doInsert(Array)
#6 C:\xampp\htdocs\tugas_akhir\ci4\system\Model.php(625): CodeIgniter\BaseModel->insert(Array, false)
#7 C:\xampp\htdocs\tugas_akhir\ci4\system\BaseModel.php(658): CodeIgniter\Model->insert(Array, false)
#8 C:\xampp\htdocs\tugas_akhir\ci4\app\Controllers\Warga.php(42): CodeIgniter\BaseModel->save(Array)
#9 C:\xampp\htdocs\tugas_akhir\ci4\system\CodeIgniter.php(832): App\Controllers\Warga->simpan()
#10 C:\xampp\htdocs\tugas_akhir\ci4\system\CodeIgniter.php(419): CodeIgniter\CodeIgniter->runController(Object(App\Controllers\Warga))
#11 C:\xampp\htdocs\tugas_akhir\ci4\system\CodeIgniter.php(326): CodeIgniter\CodeIgniter->handleRequest(NULL, Object(Config\Cache), false)
#12 C:\xampp\htdocs\tugas_akhir\ci4\public\index.php(37): CodeIgniter\CodeIgniter->run()
#13 C:\xampp\htdocs\tugas_akhir\ci4\system\Commands\Server\rewrite.php(43): require_once('C:\\xampp\\htdocs...')
#14 {main}
CRITICAL - 2022-06-17 05:49:53 --> Invalid file: layout/header.php
#0 C:\xampp\htdocs\tugas_akhir\ci4\system\View\View.php(198): CodeIgniter\Exceptions\FrameworkException::forInvalidFile('layout/header.p...')
#1 C:\xampp\htdocs\tugas_akhir\ci4\system\View\View.php(424): CodeIgniter\View\View->render('layout/header', NULL, true)
#2 C:\xampp\htdocs\tugas_akhir\ci4\app\Views\data_warga.php(1): CodeIgniter\View\View->include('layout/header')
#3 C:\xampp\htdocs\tugas_akhir\ci4\system\View\View.php(210): include('C:\\xampp\\htdocs...')
#4 C:\xampp\htdocs\tugas_akhir\ci4\system\View\View.php(213): CodeIgniter\View\View->CodeIgniter\View\{closure}()
#5 C:\xampp\htdocs\tugas_akhir\ci4\system\Common.php(1089): CodeIgniter\View\View->render('/data_warga', Array, true)
#6 C:\xampp\htdocs\tugas_akhir\ci4\app\Controllers\Warga.php(17): view('/data_warga', Array)
#7 C:\xampp\htdocs\tugas_akhir\ci4\system\CodeIgniter.php(832): App\Controllers\Warga->data_warga()
#8 C:\xampp\htdocs\tugas_akhir\ci4\system\CodeIgniter.php(419): CodeIgniter\CodeIgniter->runController(Object(App\Controllers\Warga))
#9 C:\xampp\htdocs\tugas_akhir\ci4\system\CodeIgniter.php(326): CodeIgniter\CodeIgniter->handleRequest(NULL, Object(Config\Cache), false)
#10 C:\xampp\htdocs\tugas_akhir\ci4\public\index.php(37): CodeIgniter\CodeIgniter->run()
#11 C:\xampp\htdocs\tugas_akhir\ci4\system\Commands\Server\rewrite.php(43): require_once('C:\\xampp\\htdocs...')
#12 {main}
CRITICAL - 2022-06-17 08:42:52 --> Undefined variable $iuran
#0 C:\xampp\htdocs\tugas_akhir\ci4\app\Views\iuran\laporan_iuran.php(46): CodeIgniter\Debug\Exceptions->errorHandler(2, 'Undefined varia...', 'C:\\xampp\\htdocs...', 46)
#1 C:\xampp\htdocs\tugas_akhir\ci4\system\View\View.php(210): include('C:\\xampp\\htdocs...')
#2 C:\xampp\htdocs\tugas_akhir\ci4\system\View\View.php(213): CodeIgniter\View\View->CodeIgniter\View\{closure}()
#3 C:\xampp\htdocs\tugas_akhir\ci4\system\Common.php(1089): CodeIgniter\View\View->render('/iuran/laporan_...', Array, true)
#4 C:\xampp\htdocs\tugas_akhir\ci4\app\Controllers\Iuran.php(16): view('/iuran/laporan_...')
#5 C:\xampp\htdocs\tugas_akhir\ci4\system\CodeIgniter.php(832): App\Controllers\Iuran->laporan_iuran()
#6 C:\xampp\htdocs\tugas_akhir\ci4\system\CodeIgniter.php(419): CodeIgniter\CodeIgniter->runController(Object(App\Controllers\Iuran))
#7 C:\xampp\htdocs\tugas_akhir\ci4\system\CodeIgniter.php(326): CodeIgniter\CodeIgniter->handleRequest(NULL, Object(Config\Cache), false)
#8 C:\xampp\htdocs\tugas_akhir\ci4\public\index.php(37): CodeIgniter\CodeIgniter->run()
#9 C:\xampp\htdocs\tugas_akhir\ci4\system\Commands\Server\rewrite.php(43): require_once('C:\\xampp\\htdocs...')
#10 {main}
CRITICAL - 2022-06-17 08:49:59 --> Undefined variable $iuran
#0 C:\xampp\htdocs\tugas_akhir\ci4\app\Views\iuran\laporan_iuran.php(46): CodeIgniter\Debug\Exceptions->errorHandler(2, 'Undefined varia...', 'C:\\xampp\\htdocs...', 46)
#1 C:\xampp\htdocs\tugas_akhir\ci4\system\View\View.php(210): include('C:\\xampp\\htdocs...')
#2 C:\xampp\htdocs\tugas_akhir\ci4\system\View\View.php(213): CodeIgniter\View\View->CodeIgniter\View\{closure}()
#3 C:\xampp\htdocs\tugas_akhir\ci4\system\Common.php(1089): CodeIgniter\View\View->render('/iuran/laporan_...', Array, true)
#4 C:\xampp\htdocs\tugas_akhir\ci4\app\Controllers\Iuran.php(16): view('/iuran/laporan_...')
#5 C:\xampp\htdocs\tugas_akhir\ci4\system\CodeIgniter.php(832): App\Controllers\Iuran->laporan_iuran()
#6 C:\xampp\htdocs\tugas_akhir\ci4\system\CodeIgniter.php(419): CodeIgniter\CodeIgniter->runController(Object(App\Controllers\Iuran))
#7 C:\xampp\htdocs\tugas_akhir\ci4\system\CodeIgniter.php(326): CodeIgniter\CodeIgniter->handleRequest(NULL, Object(Config\Cache), false)
#8 C:\xampp\htdocs\tugas_akhir\ci4\public\index.php(37): CodeIgniter\CodeIgniter->run()
#9 C:\xampp\htdocs\tugas_akhir\ci4\system\Commands\Server\rewrite.php(43): require_once('C:\\xampp\\htdocs...')
#10 {main}
CRITICAL - 2022-06-17 08:53:52 --> Undefined variable $iuran
#0 C:\xampp\htdocs\tugas_akhir\ci4\app\Views\iuran\laporan_iuran.php(46): CodeIgniter\Debug\Exceptions->errorHandler(2, 'Undefined varia...', 'C:\\xampp\\htdocs...', 46)
#1 C:\xampp\htdocs\tugas_akhir\ci4\system\View\View.php(210): include('C:\\xampp\\htdocs...')
#2 C:\xampp\htdocs\tugas_akhir\ci4\system\View\View.php(213): CodeIgniter\View\View->CodeIgniter\View\{closure}()
#3 C:\xampp\htdocs\tugas_akhir\ci4\system\Common.php(1089): CodeIgniter\View\View->render('/iuran/laporan_...', Array, true)
#4 C:\xampp\htdocs\tugas_akhir\ci4\app\Controllers\Iuran.php(16): view('/iuran/laporan_...')
#5 C:\xampp\htdocs\tugas_akhir\ci4\system\CodeIgniter.php(832): App\Controllers\Iuran->laporan_iuran()
#6 C:\xampp\htdocs\tugas_akhir\ci4\system\CodeIgniter.php(419): CodeIgniter\CodeIgniter->runController(Object(App\Controllers\Iuran))
#7 C:\xampp\htdocs\tugas_akhir\ci4\system\CodeIgniter.php(326): CodeIgniter\CodeIgniter->handleRequest(NULL, Object(Config\Cache), false)
#8 C:\xampp\htdocs\tugas_akhir\ci4\public\index.php(37): CodeIgniter\CodeIgniter->run()
#9 C:\xampp\htdocs\tugas_akhir\ci4\system\Commands\Server\rewrite.php(43): require_once('C:\\xampp\\htdocs...')
#10 {main}
CRITICAL - 2022-06-17 09:01:39 --> Undefined variable $iuran
#0 C:\xampp\htdocs\tugas_akhir\ci4\app\Views\iuran\laporan_iuran.php(46): CodeIgniter\Debug\Exceptions->errorHandler(2, 'Undefined varia...', 'C:\\xampp\\htdocs...', 46)
#1 C:\xampp\htdocs\tugas_akhir\ci4\system\View\View.php(210): include('C:\\xampp\\htdocs...')
#2 C:\xampp\htdocs\tugas_akhir\ci4\system\View\View.php(213): CodeIgniter\View\View->CodeIgniter\View\{closure}()
#3 C:\xampp\htdocs\tugas_akhir\ci4\system\Common.php(1089): CodeIgniter\View\View->render('/iuran/laporan_...', Array, true)
#4 C:\xampp\htdocs\tugas_akhir\ci4\app\Controllers\Iuran.php(16): view('/iuran/laporan_...')
#5 C:\xampp\htdocs\tugas_akhir\ci4\system\CodeIgniter.php(832): App\Controllers\Iuran->laporan_iuran()
#6 C:\xampp\htdocs\tugas_akhir\ci4\system\CodeIgniter.php(419): CodeIgniter\CodeIgniter->runController(Object(App\Controllers\Iuran))
#7 C:\xampp\htdocs\tugas_akhir\ci4\system\CodeIgniter.php(326): CodeIgniter\CodeIgniter->handleRequest(NULL, Object(Config\Cache), false)
#8 C:\xampp\htdocs\tugas_akhir\ci4\public\index.php(37): CodeIgniter\CodeIgniter->run()
#9 C:\xampp\htdocs\tugas_akhir\ci4\system\Commands\Server\rewrite.php(43): require_once('C:\\xampp\\htdocs...')
#10 {main}
CRITICAL - 2022-06-17 09:17:00 --> Call to undefined method App\Models\IuranModel::getIuran
#0 C:\xampp\htdocs\tugas_akhir\ci4\app\Controllers\Iuran.php(16): CodeIgniter\Model->__call('getIuran', Array)
#1 C:\xampp\htdocs\tugas_akhir\ci4\system\CodeIgniter.php(832): App\Controllers\Iuran->laporan_iuran()
#2 C:\xampp\htdocs\tugas_akhir\ci4\system\CodeIgniter.php(419): CodeIgniter\CodeIgniter->runController(Object(App\Controllers\Iuran))
#3 C:\xampp\htdocs\tugas_akhir\ci4\system\CodeIgniter.php(326): CodeIgniter\CodeIgniter->handleRequest(NULL, Object(Config\Cache), false)
#4 C:\xampp\htdocs\tugas_akhir\ci4\public\index.php(37): CodeIgniter\CodeIgniter->run()
#5 C:\xampp\htdocs\tugas_akhir\ci4\system\Commands\Server\rewrite.php(43): require_once('C:\\xampp\\htdocs...')
#6 {main}
CRITICAL - 2022-06-17 09:31:36 --> Cannot use object of type stdClass as array
#0 C:\xampp\htdocs\tugas_akhir\ci4\system\View\View.php(210): include()
#1 C:\xampp\htdocs\tugas_akhir\ci4\system\View\View.php(213): CodeIgniter\View\View->CodeIgniter\View\{closure}()
#2 C:\xampp\htdocs\tugas_akhir\ci4\system\Common.php(1089): CodeIgniter\View\View->render('/iuran/laporan_...', Array, true)
#3 C:\xampp\htdocs\tugas_akhir\ci4\app\Controllers\Iuran.php(20): view('/iuran/laporan_...', Array)
#4 C:\xampp\htdocs\tugas_akhir\ci4\system\CodeIgniter.php(832): App\Controllers\Iuran->laporan_iuran()
#5 C:\xampp\htdocs\tugas_akhir\ci4\system\CodeIgniter.php(419): CodeIgniter\CodeIgniter->runController(Object(App\Controllers\Iuran))
#6 C:\xampp\htdocs\tugas_akhir\ci4\system\CodeIgniter.php(326): CodeIgniter\CodeIgniter->handleRequest(NULL, Object(Config\Cache), false)
#7 C:\xampp\htdocs\tugas_akhir\ci4\public\index.php(37): CodeIgniter\CodeIgniter->run()
#8 C:\xampp\htdocs\tugas_akhir\ci4\system\Commands\Server\rewrite.php(43): require_once('C:\\xampp\\htdocs...')
#9 {main}
CRITICAL - 2022-06-17 09:32:10 --> Cannot use object of type stdClass as array
#0 C:\xampp\htdocs\tugas_akhir\ci4\system\View\View.php(210): include()
#1 C:\xampp\htdocs\tugas_akhir\ci4\system\View\View.php(213): CodeIgniter\View\View->CodeIgniter\View\{closure}()
#2 C:\xampp\htdocs\tugas_akhir\ci4\system\Common.php(1089): CodeIgniter\View\View->render('/iuran/laporan_...', Array, true)
#3 C:\xampp\htdocs\tugas_akhir\ci4\app\Controllers\Iuran.php(20): view('/iuran/laporan_...', Array)
#4 C:\xampp\htdocs\tugas_akhir\ci4\system\CodeIgniter.php(832): App\Controllers\Iuran->laporan_iuran()
#5 C:\xampp\htdocs\tugas_akhir\ci4\system\CodeIgniter.php(419): CodeIgniter\CodeIgniter->runController(Object(App\Controllers\Iuran))
#6 C:\xampp\htdocs\tugas_akhir\ci4\system\CodeIgniter.php(326): CodeIgniter\CodeIgniter->handleRequest(NULL, Object(Config\Cache), false)
#7 C:\xampp\htdocs\tugas_akhir\ci4\public\index.php(37): CodeIgniter\CodeIgniter->run()
#8 C:\xampp\htdocs\tugas_akhir\ci4\system\Commands\Server\rewrite.php(43): require_once('C:\\xampp\\htdocs...')
#9 {main}
CRITICAL - 2022-06-17 09:33:18 --> Cannot use object of type stdClass as array
#0 C:\xampp\htdocs\tugas_akhir\ci4\system\View\View.php(210): include()
#1 C:\xampp\htdocs\tugas_akhir\ci4\system\View\View.php(213): CodeIgniter\View\View->CodeIgniter\View\{closure}()
#2 C:\xampp\htdocs\tugas_akhir\ci4\system\Common.php(1089): CodeIgniter\View\View->render('/iuran/laporan_...', Array, true)
#3 C:\xampp\htdocs\tugas_akhir\ci4\app\Controllers\Iuran.php(20): view('/iuran/laporan_...', Array)
#4 C:\xampp\htdocs\tugas_akhir\ci4\system\CodeIgniter.php(832): App\Controllers\Iuran->laporan_iuran()
#5 C:\xampp\htdocs\tugas_akhir\ci4\system\CodeIgniter.php(419): CodeIgniter\CodeIgniter->runController(Object(App\Controllers\Iuran))
#6 C:\xampp\htdocs\tugas_akhir\ci4\system\CodeIgniter.php(326): CodeIgniter\CodeIgniter->handleRequest(NULL, Object(Config\Cache), false)
#7 C:\xampp\htdocs\tugas_akhir\ci4\public\index.php(37): CodeIgniter\CodeIgniter->run()
#8 C:\xampp\htdocs\tugas_akhir\ci4\system\Commands\Server\rewrite.php(43): require_once('C:\\xampp\\htdocs...')
#9 {main}
ERROR - 2022-06-17 09:36:20 --> Cannot add or update a child row: a foreign key constraint fails (`uas`.`iuran`, CONSTRAINT `iuran_ibfk_1` FOREIGN KEY (`warga_id`) REFERENCES `warga` (`id`))
CRITICAL - 2022-06-17 09:36:20 --> Cannot add or update a child row: a foreign key constraint fails (`uas`.`iuran`, CONSTRAINT `iuran_ibfk_1` FOREIGN KEY (`warga_id`) REFERENCES `warga` (`id`))
#0 C:\xampp\htdocs\tugas_akhir\ci4\system\Database\MySQLi\Connection.php(292): mysqli->query('INSERT INTO `iu...', 0)
#1 C:\xampp\htdocs\tugas_akhir\ci4\system\Database\BaseConnection.php(670): CodeIgniter\Database\MySQLi\Connection->execute('INSERT INTO `iu...')
#2 C:\xampp\htdocs\tugas_akhir\ci4\system\Database\BaseConnection.php(598): CodeIgniter\Database\BaseConnection->simpleQuery('INSERT INTO `iu...')
#3 C:\xampp\htdocs\tugas_akhir\ci4\system\Database\BaseBuilder.php(1771): CodeIgniter\Database\BaseConnection->query('INSERT INTO `iu...', Array, false)
#4 C:\xampp\htdocs\tugas_akhir\ci4\system\Model.php(239): CodeIgniter\Database\BaseBuilder->insert()
#5 C:\xampp\htdocs\tugas_akhir\ci4\system\BaseModel.php(738): CodeIgniter\Model->doInsert(Array)
#6 C:\xampp\htdocs\tugas_akhir\ci4\system\Model.php(625): CodeIgniter\BaseModel->insert(Array, false)
#7 C:\xampp\htdocs\tugas_akhir\ci4\system\BaseModel.php(658): CodeIgniter\Model->insert(Array, false)
#8 C:\xampp\htdocs\tugas_akhir\ci4\app\Controllers\Iuran.php(45): CodeIgniter\BaseModel->save(Array)
#9 C:\xampp\htdocs\tugas_akhir\ci4\system\CodeIgniter.php(832): App\Controllers\Iuran->simpan()
#10 C:\xampp\htdocs\tugas_akhir\ci4\system\CodeIgniter.php(419): CodeIgniter\CodeIgniter->runController(Object(App\Controllers\Iuran))
#11 C:\xampp\htdocs\tugas_akhir\ci4\system\CodeIgniter.php(326): CodeIgniter\CodeIgniter->handleRequest(NULL, Object(Config\Cache), false)
#12 C:\xampp\htdocs\tugas_akhir\ci4\public\index.php(37): CodeIgniter\CodeIgniter->run()
#13 C:\xampp\htdocs\tugas_akhir\ci4\system\Commands\Server\rewrite.php(43): require_once('C:\\xampp\\htdocs...')
#14 {main}
CRITICAL - 2022-06-17 11:38:34 --> Undefined variable $warga
#0 C:\xampp\htdocs\tugas_akhir\ci4\app\Views\index.php(108): CodeIgniter\Debug\Exceptions->errorHandler(2, 'Undefined varia...', 'C:\\xampp\\htdocs...', 108)
#1 C:\xampp\htdocs\tugas_akhir\ci4\system\View\View.php(210): include('C:\\xampp\\htdocs...')
#2 C:\xampp\htdocs\tugas_akhir\ci4\system\View\View.php(213): CodeIgniter\View\View->CodeIgniter\View\{closure}()
#3 C:\xampp\htdocs\tugas_akhir\ci4\system\Common.php(1089): CodeIgniter\View\View->render('index', Array, true)
#4 C:\xampp\htdocs\tugas_akhir\ci4\app\Controllers\Home.php(9): view('index')
#5 C:\xampp\htdocs\tugas_akhir\ci4\system\CodeIgniter.php(832): App\Controllers\Home->index()
#6 C:\xampp\htdocs\tugas_akhir\ci4\system\CodeIgniter.php(419): CodeIgniter\CodeIgniter->runController(Object(App\Controllers\Home))
#7 C:\xampp\htdocs\tugas_akhir\ci4\system\CodeIgniter.php(326): CodeIgniter\CodeIgniter->handleRequest(NULL, Object(Config\Cache), false)
#8 C:\xampp\htdocs\tugas_akhir\ci4\public\index.php(37): CodeIgniter\CodeIgniter->run()
#9 C:\xampp\htdocs\tugas_akhir\ci4\system\Commands\Server\rewrite.php(43): require_once('C:\\xampp\\htdocs...')
#10 {main}
CRITICAL - 2022-06-17 11:41:48 --> Undefined variable $warga
#0 C:\xampp\htdocs\tugas_akhir\ci4\app\Views\index.php(108): CodeIgniter\Debug\Exceptions->errorHandler(2, 'Undefined varia...', 'C:\\xampp\\htdocs...', 108)
#1 C:\xampp\htdocs\tugas_akhir\ci4\system\View\View.php(210): include('C:\\xampp\\htdocs...')
#2 C:\xampp\htdocs\tugas_akhir\ci4\system\View\View.php(213): CodeIgniter\View\View->CodeIgniter\View\{closure}()
#3 C:\xampp\htdocs\tugas_akhir\ci4\system\Common.php(1089): CodeIgniter\View\View->render('index', Array, true)
#4 C:\xampp\htdocs\tugas_akhir\ci4\app\Controllers\Home.php(11): view('index')
#5 C:\xampp\htdocs\tugas_akhir\ci4\system\CodeIgniter.php(832): App\Controllers\Home->index()
#6 C:\xampp\htdocs\tugas_akhir\ci4\system\CodeIgniter.php(419): CodeIgniter\CodeIgniter->runController(Object(App\Controllers\Home))
#7 C:\xampp\htdocs\tugas_akhir\ci4\system\CodeIgniter.php(326): CodeIgniter\CodeIgniter->handleRequest(NULL, Object(Config\Cache), false)
#8 C:\xampp\htdocs\tugas_akhir\ci4\public\index.php(37): CodeIgniter\CodeIgniter->run()
#9 C:\xampp\htdocs\tugas_akhir\ci4\system\Commands\Server\rewrite.php(43): require_once('C:\\xampp\\htdocs...')
#10 {main}
CRITICAL - 2022-06-17 11:42:13 --> Undefined variable $home
#0 C:\xampp\htdocs\tugas_akhir\ci4\app\Views\index.php(108): CodeIgniter\Debug\Exceptions->errorHandler(2, 'Undefined varia...', 'C:\\xampp\\htdocs...', 108)
#1 C:\xampp\htdocs\tugas_akhir\ci4\system\View\View.php(210): include('C:\\xampp\\htdocs...')
#2 C:\xampp\htdocs\tugas_akhir\ci4\system\View\View.php(213): CodeIgniter\View\View->CodeIgniter\View\{closure}()
#3 C:\xampp\htdocs\tugas_akhir\ci4\system\Common.php(1089): CodeIgniter\View\View->render('index', Array, true)
#4 C:\xampp\htdocs\tugas_akhir\ci4\app\Controllers\Home.php(11): view('index')
#5 C:\xampp\htdocs\tugas_akhir\ci4\system\CodeIgniter.php(832): App\Controllers\Home->index()
#6 C:\xampp\htdocs\tugas_akhir\ci4\system\CodeIgniter.php(419): CodeIgniter\CodeIgniter->runController(Object(App\Controllers\Home))
#7 C:\xampp\htdocs\tugas_akhir\ci4\system\CodeIgniter.php(326): CodeIgniter\CodeIgniter->handleRequest(NULL, Object(Config\Cache), false)
#8 C:\xampp\htdocs\tugas_akhir\ci4\public\index.php(37): CodeIgniter\CodeIgniter->run()
#9 C:\xampp\htdocs\tugas_akhir\ci4\system\Commands\Server\rewrite.php(43): require_once('C:\\xampp\\htdocs...')
#10 {main}
CRITICAL - 2022-06-17 11:42:39 --> Undefined variable $warga
#0 C:\xampp\htdocs\tugas_akhir\ci4\app\Views\index.php(108): CodeIgniter\Debug\Exceptions->errorHandler(2, 'Undefined varia...', 'C:\\xampp\\htdocs...', 108)
#1 C:\xampp\htdocs\tugas_akhir\ci4\system\View\View.php(210): include('C:\\xampp\\htdocs...')
#2 C:\xampp\htdocs\tugas_akhir\ci4\system\View\View.php(213): CodeIgniter\View\View->CodeIgniter\View\{closure}()
#3 C:\xampp\htdocs\tugas_akhir\ci4\system\Common.php(1089): CodeIgniter\View\View->render('index', Array, true)
#4 C:\xampp\htdocs\tugas_akhir\ci4\app\Controllers\Home.php(11): view('index')
#5 C:\xampp\htdocs\tugas_akhir\ci4\system\CodeIgniter.php(832): App\Controllers\Home->index()
#6 C:\xampp\htdocs\tugas_akhir\ci4\system\CodeIgniter.php(419): CodeIgniter\CodeIgniter->runController(Object(App\Controllers\Home))
#7 C:\xampp\htdocs\tugas_akhir\ci4\system\CodeIgniter.php(326): CodeIgniter\CodeIgniter->handleRequest(NULL, Object(Config\Cache), false)
#8 C:\xampp\htdocs\tugas_akhir\ci4\public\index.php(37): CodeIgniter\CodeIgniter->run()
#9 C:\xampp\htdocs\tugas_akhir\ci4\system\Commands\Server\rewrite.php(43): require_once('C:\\xampp\\htdocs...')
#10 {main}
CRITICAL - 2022-06-17 11:43:28 --> Undefined variable $warga
#0 C:\xampp\htdocs\tugas_akhir\ci4\app\Views\index.php(108): CodeIgniter\Debug\Exceptions->errorHandler(2, 'Undefined varia...', 'C:\\xampp\\htdocs...', 108)
#1 C:\xampp\htdocs\tugas_akhir\ci4\system\View\View.php(210): include('C:\\xampp\\htdocs...')
#2 C:\xampp\htdocs\tugas_akhir\ci4\system\View\View.php(213): CodeIgniter\View\View->CodeIgniter\View\{closure}()
#3 C:\xampp\htdocs\tugas_akhir\ci4\system\Common.php(1089): CodeIgniter\View\View->render('index', Array, true)
#4 C:\xampp\htdocs\tugas_akhir\ci4\app\Controllers\Home.php(11): view('index')
#5 C:\xampp\htdocs\tugas_akhir\ci4\system\CodeIgniter.php(832): App\Controllers\Home->index()
#6 C:\xampp\htdocs\tugas_akhir\ci4\system\CodeIgniter.php(419): CodeIgniter\CodeIgniter->runController(Object(App\Controllers\Home))
#7 C:\xampp\htdocs\tugas_akhir\ci4\system\CodeIgniter.php(326): CodeIgniter\CodeIgniter->handleRequest(NULL, Object(Config\Cache), false)
#8 C:\xampp\htdocs\tugas_akhir\ci4\public\index.php(37): CodeIgniter\CodeIgniter->run()
#9 C:\xampp\htdocs\tugas_akhir\ci4\system\Commands\Server\rewrite.php(43): require_once('C:\\xampp\\htdocs...')
#10 {main}
CRITICAL - 2022-06-17 11:46:24 --> Undefined variable $warga
#0 C:\xampp\htdocs\tugas_akhir\ci4\app\Views\index.php(108): CodeIgniter\Debug\Exceptions->errorHandler(2, 'Undefined varia...', 'C:\\xampp\\htdocs...', 108)
#1 C:\xampp\htdocs\tugas_akhir\ci4\system\View\View.php(210): include('C:\\xampp\\htdocs...')
#2 C:\xampp\htdocs\tugas_akhir\ci4\system\View\View.php(213): CodeIgniter\View\View->CodeIgniter\View\{closure}()
#3 C:\xampp\htdocs\tugas_akhir\ci4\system\Common.php(1089): CodeIgniter\View\View->render('index', Array, true)
#4 C:\xampp\htdocs\tugas_akhir\ci4\app\Controllers\Home.php(15): view('index')
#5 C:\xampp\htdocs\tugas_akhir\ci4\system\CodeIgniter.php(832): App\Controllers\Home->index()
#6 C:\xampp\htdocs\tugas_akhir\ci4\system\CodeIgniter.php(419): CodeIgniter\CodeIgniter->runController(Object(App\Controllers\Home))
#7 C:\xampp\htdocs\tugas_akhir\ci4\system\CodeIgniter.php(326): CodeIgniter\CodeIgniter->handleRequest(NULL, Object(Config\Cache), false)
#8 C:\xampp\htdocs\tugas_akhir\ci4\public\index.php(37): CodeIgniter\CodeIgniter->run()
#9 C:\xampp\htdocs\tugas_akhir\ci4\system\Commands\Server\rewrite.php(43): require_once('C:\\xampp\\htdocs...')
#10 {main}
CRITICAL - 2022-06-17 11:47:48 --> Undefined variable $warga
#0 C:\xampp\htdocs\tugas_akhir\ci4\app\Views\index.php(92): CodeIgniter\Debug\Exceptions->errorHandler(2, 'Undefined varia...', 'C:\\xampp\\htdocs...', 92)
#1 C:\xampp\htdocs\tugas_akhir\ci4\system\View\View.php(210): include('C:\\xampp\\htdocs...')
#2 C:\xampp\htdocs\tugas_akhir\ci4\system\View\View.php(213): CodeIgniter\View\View->CodeIgniter\View\{closure}()
#3 C:\xampp\htdocs\tugas_akhir\ci4\system\Common.php(1089): CodeIgniter\View\View->render('index', Array, true)
#4 C:\xampp\htdocs\tugas_akhir\ci4\app\Controllers\Home.php(15): view('index')
#5 C:\xampp\htdocs\tugas_akhir\ci4\system\CodeIgniter.php(832): App\Controllers\Home->index()
#6 C:\xampp\htdocs\tugas_akhir\ci4\system\CodeIgniter.php(419): CodeIgniter\CodeIgniter->runController(Object(App\Controllers\Home))
#7 C:\xampp\htdocs\tugas_akhir\ci4\system\CodeIgniter.php(326): CodeIgniter\CodeIgniter->handleRequest(NULL, Object(Config\Cache), false)
#8 C:\xampp\htdocs\tugas_akhir\ci4\public\index.php(37): CodeIgniter\CodeIgniter->run()
#9 C:\xampp\htdocs\tugas_akhir\ci4\system\Commands\Server\rewrite.php(43): require_once('C:\\xampp\\htdocs...')
#10 {main}
CRITICAL - 2022-06-17 12:11:19 --> Undefined variable $warga
#0 C:\xampp\htdocs\tugas_akhir\ci4\app\Views\index.php(119): CodeIgniter\Debug\Exceptions->errorHandler(2, 'Undefined varia...', 'C:\\xampp\\htdocs...', 119)
#1 C:\xampp\htdocs\tugas_akhir\ci4\system\View\View.php(210): include('C:\\xampp\\htdocs...')
#2 C:\xampp\htdocs\tugas_akhir\ci4\system\View\View.php(213): CodeIgniter\View\View->CodeIgniter\View\{closure}()
#3 C:\xampp\htdocs\tugas_akhir\ci4\system\Common.php(1089): CodeIgniter\View\View->render('index', Array, true)
#4 C:\xampp\htdocs\tugas_akhir\ci4\app\Controllers\Home.php(15): view('index')
#5 C:\xampp\htdocs\tugas_akhir\ci4\system\CodeIgniter.php(832): App\Controllers\Home->index()
#6 C:\xampp\htdocs\tugas_akhir\ci4\system\CodeIgniter.php(419): CodeIgniter\CodeIgniter->runController(Object(App\Controllers\Home))
#7 C:\xampp\htdocs\tugas_akhir\ci4\system\CodeIgniter.php(326): CodeIgniter\CodeIgniter->handleRequest(NULL, Object(Config\Cache), false)
#8 C:\xampp\htdocs\tugas_akhir\ci4\public\index.php(37): CodeIgniter\CodeIgniter->run()
#9 C:\xampp\htdocs\tugas_akhir\ci4\system\Commands\Server\rewrite.php(43): require_once('C:\\xampp\\htdocs...')
#10 {main}
CRITICAL - 2022-06-17 12:11:34 --> Undefined variable $home
#0 C:\xampp\htdocs\tugas_akhir\ci4\app\Views\index.php(119): CodeIgniter\Debug\Exceptions->errorHandler(2, 'Undefined varia...', 'C:\\xampp\\htdocs...', 119)
#1 C:\xampp\htdocs\tugas_akhir\ci4\system\View\View.php(210): include('C:\\xampp\\htdocs...')
#2 C:\xampp\htdocs\tugas_akhir\ci4\system\View\View.php(213): CodeIgniter\View\View->CodeIgniter\View\{closure}()
#3 C:\xampp\htdocs\tugas_akhir\ci4\system\Common.php(1089): CodeIgniter\View\View->render('index', Array, true)
#4 C:\xampp\htdocs\tugas_akhir\ci4\app\Controllers\Home.php(15): view('index')
#5 C:\xampp\htdocs\tugas_akhir\ci4\system\CodeIgniter.php(832): App\Controllers\Home->index()
#6 C:\xampp\htdocs\tugas_akhir\ci4\system\CodeIgniter.php(419): CodeIgniter\CodeIgniter->runController(Object(App\Controllers\Home))
#7 C:\xampp\htdocs\tugas_akhir\ci4\system\CodeIgniter.php(326): CodeIgniter\CodeIgniter->handleRequest(NULL, Object(Config\Cache), false)
#8 C:\xampp\htdocs\tugas_akhir\ci4\public\index.php(37): CodeIgniter\CodeIgniter->run()
#9 C:\xampp\htdocs\tugas_akhir\ci4\system\Commands\Server\rewrite.php(43): require_once('C:\\xampp\\htdocs...')
#10 {main}
CRITICAL - 2022-06-17 12:47:36 --> Undefined variable $page
#0 C:\xampp\htdocs\tugas_akhir\ci4\app\Views\index.php(115): CodeIgniter\Debug\Exceptions->errorHandler(2, 'Undefined varia...', 'C:\\xampp\\htdocs...', 115)
#1 C:\xampp\htdocs\tugas_akhir\ci4\system\View\View.php(210): include('C:\\xampp\\htdocs...')
#2 C:\xampp\htdocs\tugas_akhir\ci4\system\View\View.php(213): CodeIgniter\View\View->CodeIgniter\View\{closure}()
#3 C:\xampp\htdocs\tugas_akhir\ci4\system\Common.php(1089): CodeIgniter\View\View->render('/index', Array, true)
#4 C:\xampp\htdocs\tugas_akhir\ci4\app\Controllers\Home.php(35): view('/index', Array)
#5 C:\xampp\htdocs\tugas_akhir\ci4\system\CodeIgniter.php(832): App\Controllers\Home->index()
#6 C:\xampp\htdocs\tugas_akhir\ci4\system\CodeIgniter.php(419): CodeIgniter\CodeIgniter->runController(Object(App\Controllers\Home))
#7 C:\xampp\htdocs\tugas_akhir\ci4\system\CodeIgniter.php(326): CodeIgniter\CodeIgniter->handleRequest(NULL, Object(Config\Cache), false)
#8 C:\xampp\htdocs\tugas_akhir\ci4\public\index.php(37): CodeIgniter\CodeIgniter->run()
#9 C:\xampp\htdocs\tugas_akhir\ci4\system\Commands\Server\rewrite.php(43): require_once('C:\\xampp\\htdocs...')
#10 {main}
CRITICAL - 2022-06-17 12:48:19 --> Call to a member function Links() on int
#0 C:\xampp\htdocs\tugas_akhir\ci4\system\View\View.php(210): include()
#1 C:\xampp\htdocs\tugas_akhir\ci4\system\View\View.php(213): CodeIgniter\View\View->CodeIgniter\View\{closure}()
#2 C:\xampp\htdocs\tugas_akhir\ci4\system\Common.php(1089): CodeIgniter\View\View->render('/index', Array, true)
#3 C:\xampp\htdocs\tugas_akhir\ci4\app\Controllers\Home.php(35): view('/index', Array)
#4 C:\xampp\htdocs\tugas_akhir\ci4\system\CodeIgniter.php(832): App\Controllers\Home->index()
#5 C:\xampp\htdocs\tugas_akhir\ci4\system\CodeIgniter.php(419): CodeIgniter\CodeIgniter->runController(Object(App\Controllers\Home))
#6 C:\xampp\htdocs\tugas_akhir\ci4\system\CodeIgniter.php(326): CodeIgniter\CodeIgniter->handleRequest(NULL, Object(Config\Cache), false)
#7 C:\xampp\htdocs\tugas_akhir\ci4\public\index.php(37): CodeIgniter\CodeIgniter->run()
#8 C:\xampp\htdocs\tugas_akhir\ci4\system\Commands\Server\rewrite.php(43): require_once('C:\\xampp\\htdocs...')
#9 {main}
CRITICAL - 2022-06-17 12:48:31 --> Call to a member function Links() on int
#0 C:\xampp\htdocs\tugas_akhir\ci4\system\View\View.php(210): include()
#1 C:\xampp\htdocs\tugas_akhir\ci4\system\View\View.php(213): CodeIgniter\View\View->CodeIgniter\View\{closure}()
#2 C:\xampp\htdocs\tugas_akhir\ci4\system\Common.php(1089): CodeIgniter\View\View->render('/index', Array, true)
#3 C:\xampp\htdocs\tugas_akhir\ci4\app\Controllers\Home.php(35): view('/index', Array)
#4 C:\xampp\htdocs\tugas_akhir\ci4\system\CodeIgniter.php(832): App\Controllers\Home->index()
#5 C:\xampp\htdocs\tugas_akhir\ci4\system\CodeIgniter.php(419): CodeIgniter\CodeIgniter->runController(Object(App\Controllers\Home))
#6 C:\xampp\htdocs\tugas_akhir\ci4\system\CodeIgniter.php(326): CodeIgniter\CodeIgniter->handleRequest(NULL, Object(Config\Cache), false)
#7 C:\xampp\htdocs\tugas_akhir\ci4\public\index.php(37): CodeIgniter\CodeIgniter->run()
#8 C:\xampp\htdocs\tugas_akhir\ci4\system\Commands\Server\rewrite.php(43): require_once('C:\\xampp\\htdocs...')
#9 {main}
CRITICAL - 2022-06-17 12:50:31 --> Undefined variable $jumlah
#0 C:\xampp\htdocs\tugas_akhir\ci4\app\Views\index.php(100): CodeIgniter\Debug\Exceptions->errorHandler(2, 'Undefined varia...', 'C:\\xampp\\htdocs...', 100)
#1 C:\xampp\htdocs\tugas_akhir\ci4\system\View\View.php(210): include('C:\\xampp\\htdocs...')
#2 C:\xampp\htdocs\tugas_akhir\ci4\system\View\View.php(213): CodeIgniter\View\View->CodeIgniter\View\{closure}()
#3 C:\xampp\htdocs\tugas_akhir\ci4\system\Common.php(1089): CodeIgniter\View\View->render('/index', Array, true)
#4 C:\xampp\htdocs\tugas_akhir\ci4\app\Controllers\Home.php(35): view('/index', Array)
#5 C:\xampp\htdocs\tugas_akhir\ci4\system\CodeIgniter.php(832): App\Controllers\Home->index()
#6 C:\xampp\htdocs\tugas_akhir\ci4\system\CodeIgniter.php(419): CodeIgniter\CodeIgniter->runController(Object(App\Controllers\Home))
#7 C:\xampp\htdocs\tugas_akhir\ci4\system\CodeIgniter.php(326): CodeIgniter\CodeIgniter->handleRequest(NULL, Object(Config\Cache), false)
#8 C:\xampp\htdocs\tugas_akhir\ci4\public\index.php(37): CodeIgniter\CodeIgniter->run()
#9 C:\xampp\htdocs\tugas_akhir\ci4\system\Commands\Server\rewrite.php(43): require_once('C:\\xampp\\htdocs...')
#10 {main}
